mode: set
github.com/ingyamilmolinar/beatmo/internal/ui/bpm.go:8.39,10.39 2 1
github.com/ingyamilmolinar/beatmo/internal/ui/bpm.go:10.39,12.3 1 1
github.com/ingyamilmolinar/beatmo/internal/ui/bpm.go:13.2,13.16 1 1
github.com/ingyamilmolinar/beatmo/internal/ui/camera.go:18.26,18.56 1 1
github.com/ingyamilmolinar/beatmo/internal/ui/camera.go:22.59,26.2 3 1
github.com/ingyamilmolinar/beatmo/internal/ui/camera.go:29.37,34.2 4 0
github.com/ingyamilmolinar/beatmo/internal/ui/camera.go:39.44,44.2 4 0
github.com/ingyamilmolinar/beatmo/internal/ui/camera.go:50.25,54.23 4 1
github.com/ingyamilmolinar/beatmo/internal/ui/camera.go:54.23,56.3 1 1
github.com/ingyamilmolinar/beatmo/internal/ui/camera.go:56.8,56.31 1 1
github.com/ingyamilmolinar/beatmo/internal/ui/camera.go:56.31,58.3 1 0
github.com/ingyamilmolinar/beatmo/internal/ui/camera.go:59.2,59.23 1 1
github.com/ingyamilmolinar/beatmo/internal/ui/camera.go:59.23,61.3 1 0
github.com/ingyamilmolinar/beatmo/internal/ui/camera.go:61.8,61.31 1 1
github.com/ingyamilmolinar/beatmo/internal/ui/camera.go:61.31,63.3 1 1
github.com/ingyamilmolinar/beatmo/internal/ui/camera.go:69.50,72.14 3 1
github.com/ingyamilmolinar/beatmo/internal/ui/camera.go:72.14,73.40 1 1
github.com/ingyamilmolinar/beatmo/internal/ui/camera.go:73.40,84.27 7 1
github.com/ingyamilmolinar/beatmo/internal/ui/camera.go:84.27,86.5 1 0
github.com/ingyamilmolinar/beatmo/internal/ui/camera.go:86.10,86.34 1 1
github.com/ingyamilmolinar/beatmo/internal/ui/camera.go:86.34,88.5 1 0
github.com/ingyamilmolinar/beatmo/internal/ui/camera.go:89.4,89.17 1 1
github.com/ingyamilmolinar/beatmo/internal/ui/camera.go:89.17,91.5 1 0
github.com/ingyamilmolinar/beatmo/internal/ui/camera.go:92.4,95.17 4 1
github.com/ingyamilmolinar/beatmo/internal/ui/camera.go:95.17,97.5 1 0
github.com/ingyamilmolinar/beatmo/internal/ui/camera.go:99.3,99.51 1 1
github.com/ingyamilmolinar/beatmo/internal/ui/camera.go:99.51,101.38 2 1
github.com/ingyamilmolinar/beatmo/internal/ui/camera.go:101.38,102.35 1 1
github.com/ingyamilmolinar/beatmo/internal/ui/camera.go:102.35,106.6 3 1
github.com/ingyamilmolinar/beatmo/internal/ui/camera.go:108.4,108.22 1 1
github.com/ingyamilmolinar/beatmo/internal/ui/camera.go:109.9,111.4 1 1
github.com/ingyamilmolinar/beatmo/internal/ui/camera.go:112.8,114.3 1 1
github.com/ingyamilmolinar/beatmo/internal/ui/camera.go:115.2,116.17 2 1
github.com/ingyamilmolinar/beatmo/internal/ui/camera.go:125.38,126.22 1 1
github.com/ingyamilmolinar/beatmo/internal/ui/camera.go:126.22,128.3 1 1
github.com/ingyamilmolinar/beatmo/internal/ui/camera.go:129.2,129.25 1 1
github.com/ingyamilmolinar/beatmo/internal/ui/camera.go:131.29,131.68 2 1
github.com/ingyamilmolinar/beatmo/internal/ui/camera.go:132.29,132.48 1 1
github.com/ingyamilmolinar/beatmo/internal/ui/clip_scope.go:19.74,20.19 1 1
github.com/ingyamilmolinar/beatmo/internal/ui/clip_scope.go:20.19,22.3 1 1
github.com/ingyamilmolinar/beatmo/internal/ui/clip_scope.go:23.2,24.18 2 1
github.com/ingyamilmolinar/beatmo/internal/ui/clip_scope.go:24.18,26.3 1 1
github.com/ingyamilmolinar/beatmo/internal/ui/clip_scope.go:27.2,30.3 1 1
github.com/ingyamilmolinar/beatmo/internal/ui/clip_scope.go:35.44,36.14 1 1
github.com/ingyamilmolinar/beatmo/internal/ui/clip_scope.go:36.14,38.3 1 1
github.com/ingyamilmolinar/beatmo/internal/ui/clip_scope.go:39.2,39.14 1 1
github.com/ingyamilmolinar/beatmo/internal/ui/clip_scope.go:44.42,45.14 1 1
github.com/ingyamilmolinar/beatmo/internal/ui/clip_scope.go:45.14,47.3 1 1
github.com/ingyamilmolinar/beatmo/internal/ui/clip_scope.go:48.2,48.19 1 1
github.com/ingyamilmolinar/beatmo/internal/ui/clip_scope.go:52.46,53.14 1 1
github.com/ingyamilmolinar/beatmo/internal/ui/clip_scope.go:53.14,55.3 1 1
github.com/ingyamilmolinar/beatmo/internal/ui/clip_scope.go:56.2,56.15 1 1
github.com/ingyamilmolinar/beatmo/internal/ui/clip_scope.go:61.92,62.44 1 1
github.com/ingyamilmolinar/beatmo/internal/ui/clip_scope.go:62.44,64.3 1 1
github.com/ingyamilmolinar/beatmo/internal/ui/clip_scope.go:65.2,65.17 1 0
github.com/ingyamilmolinar/beatmo/internal/ui/clip_scope.go:65.17,67.3 1 0
github.com/ingyamilmolinar/beatmo/internal/ui/clip_scope.go:69.2,70.28 2 0
github.com/ingyamilmolinar/beatmo/internal/ui/clip_scope.go:75.80,76.29 1 0
github.com/ingyamilmolinar/beatmo/internal/ui/clip_scope.go:76.29,78.3 1 0
github.com/ingyamilmolinar/beatmo/internal/ui/clip_scope.go:79.2,79.71 1 0
github.com/ingyamilmolinar/beatmo/internal/ui/comp_portal_overlay.go:31.38,32.23 1 1
github.com/ingyamilmolinar/beatmo/internal/ui/comp_portal_overlay.go:32.23,34.3 1 1
github.com/ingyamilmolinar/beatmo/internal/ui/comp_portal_overlay.go:37.75,39.2 0 1
github.com/ingyamilmolinar/beatmo/internal/ui/comp_portal_overlay.go:41.50,43.15 2 1
github.com/ingyamilmolinar/beatmo/internal/ui/comp_portal_overlay.go:43.15,45.3 1 1
github.com/ingyamilmolinar/beatmo/internal/ui/comp_portal_overlay.go:46.2,48.3 1 1
github.com/ingyamilmolinar/beatmo/internal/ui/comp_portal_overlay.go:51.56,53.2 1 1
github.com/ingyamilmolinar/beatmo/internal/ui/comp_portal_overlay.go:55.48,57.2 1 1
github.com/ingyamilmolinar/beatmo/internal/ui/comp_portal_overlay.go:64.56,66.28 2 1
github.com/ingyamilmolinar/beatmo/internal/ui/comp_portal_overlay.go:66.28,68.3 1 0
github.com/ingyamilmolinar/beatmo/internal/ui/comp_portal_overlay.go:69.2,69.15 1 1
github.com/ingyamilmolinar/beatmo/internal/ui/comp_portal_overlay.go:72.43,74.2 1 1
github.com/ingyamilmolinar/beatmo/internal/ui/comp_portal_overlay.go:76.46,78.2 1 1
github.com/ingyamilmolinar/beatmo/internal/ui/comp_portal_overlay.go:80.63,82.2 1 1
github.com/ingyamilmolinar/beatmo/internal/ui/components.go:18.54,20.11 2 1
github.com/ingyamilmolinar/beatmo/internal/ui/components.go:20.11,22.3 1 0
github.com/ingyamilmolinar/beatmo/internal/ui/components.go:23.2,23.11 1 1
github.com/ingyamilmolinar/beatmo/internal/ui/components.go:23.11,25.3 1 0
github.com/ingyamilmolinar/beatmo/internal/ui/components.go:26.2,26.103 1 1
github.com/ingyamilmolinar/beatmo/internal/ui/components.go:37.76,48.2 10 0
github.com/ingyamilmolinar/beatmo/internal/ui/components.go:57.78,73.2 12 1
github.com/ingyamilmolinar/beatmo/internal/ui/components.go:83.86,85.2 1 1
github.com/ingyamilmolinar/beatmo/internal/ui/components.go:89.105,90.12 1 1
github.com/ingyamilmolinar/beatmo/internal/ui/components.go:90.12,92.3 1 1
github.com/ingyamilmolinar/beatmo/internal/ui/components.go:93.2,93.11 1 1
github.com/ingyamilmolinar/beatmo/internal/ui/components.go:93.11,95.3 1 0
github.com/ingyamilmolinar/beatmo/internal/ui/components.go:96.2,100.11 5 1
github.com/ingyamilmolinar/beatmo/internal/ui/components.go:100.11,102.3 1 1
github.com/ingyamilmolinar/beatmo/internal/ui/components.go:103.2,111.66 7 1
github.com/ingyamilmolinar/beatmo/internal/ui/components.go:121.88,124.25 3 1
github.com/ingyamilmolinar/beatmo/internal/ui/components.go:124.25,127.3 2 1
github.com/ingyamilmolinar/beatmo/internal/ui/components.go:128.2,128.43 1 1
github.com/ingyamilmolinar/beatmo/internal/ui/components.go:133.101,134.14 1 0
github.com/ingyamilmolinar/beatmo/internal/ui/components.go:134.14,136.3 1 0
github.com/ingyamilmolinar/beatmo/internal/ui/components.go:137.2,139.54 3 0
github.com/ingyamilmolinar/beatmo/internal/ui/components.go:150.93,152.20 2 1
github.com/ingyamilmolinar/beatmo/internal/ui/components.go:152.20,153.31 1 1
github.com/ingyamilmolinar/beatmo/internal/ui/components.go:153.31,155.4 1 1
github.com/ingyamilmolinar/beatmo/internal/ui/components.go:158.2,158.25 1 1
github.com/ingyamilmolinar/beatmo/internal/ui/components.go:158.25,160.3 1 0
github.com/ingyamilmolinar/beatmo/internal/ui/components.go:161.2,161.44 1 1
github.com/ingyamilmolinar/beatmo/internal/ui/components.go:172.91,174.2 1 0
github.com/ingyamilmolinar/beatmo/internal/ui/components.go:177.104,178.14 1 1
github.com/ingyamilmolinar/beatmo/internal/ui/components.go:178.14,180.3 1 0
github.com/ingyamilmolinar/beatmo/internal/ui/components.go:181.2,182.21 2 1
github.com/ingyamilmolinar/beatmo/internal/ui/components.go:182.21,184.3 1 1
github.com/ingyamilmolinar/beatmo/internal/ui/components.go:185.2,189.13 5 1
github.com/ingyamilmolinar/beatmo/internal/ui/components.go:189.13,192.3 2 1
github.com/ingyamilmolinar/beatmo/internal/ui/components.go:193.2,194.13 2 1
github.com/ingyamilmolinar/beatmo/internal/ui/components.go:194.13,197.3 2 1
github.com/ingyamilmolinar/beatmo/internal/ui/components.go:213.108,215.8 2 1
github.com/ingyamilmolinar/beatmo/internal/ui/components.go:215.8,216.19 1 1
github.com/ingyamilmolinar/beatmo/internal/ui/components.go:216.19,218.4 1 1
github.com/ingyamilmolinar/beatmo/internal/ui/components.go:218.9,220.4 1 1
github.com/ingyamilmolinar/beatmo/internal/ui/components.go:222.2,222.17 1 1
github.com/ingyamilmolinar/beatmo/internal/ui/components.go:222.17,223.19 1 1
github.com/ingyamilmolinar/beatmo/internal/ui/components.go:223.19,225.4 1 1
github.com/ingyamilmolinar/beatmo/internal/ui/components.go:225.9,227.4 1 1
github.com/ingyamilmolinar/beatmo/internal/ui/components.go:230.2,234.13 3 1
github.com/ingyamilmolinar/beatmo/internal/ui/components.go:234.13,236.40 1 1
github.com/ingyamilmolinar/beatmo/internal/ui/components.go:236.40,239.4 2 1
github.com/ingyamilmolinar/beatmo/internal/ui/components.go:240.3,240.36 1 1
github.com/ingyamilmolinar/beatmo/internal/ui/components.go:241.8,241.30 1 1
github.com/ingyamilmolinar/beatmo/internal/ui/components.go:241.30,244.3 1 1
github.com/ingyamilmolinar/beatmo/internal/ui/coords.go:7.40,7.95 1 1
github.com/ingyamilmolinar/beatmo/internal/ui/coords.go:10.49,10.94 1 0
github.com/ingyamilmolinar/beatmo/internal/ui/coords.go:13.31,13.54 1 0
github.com/ingyamilmolinar/beatmo/internal/ui/deferred_tap.go:17.45,18.32 1 1
github.com/ingyamilmolinar/beatmo/internal/ui/deferred_tap.go:18.32,20.3 1 1
github.com/ingyamilmolinar/beatmo/internal/ui/deferred_tap.go:21.2,23.13 3 1
github.com/ingyamilmolinar/beatmo/internal/ui/deferred_tap.go:28.56,29.16 1 1
github.com/ingyamilmolinar/beatmo/internal/ui/deferred_tap.go:29.16,31.3 1 1
github.com/ingyamilmolinar/beatmo/internal/ui/deferred_tap.go:32.2,33.19 2 1
github.com/ingyamilmolinar/beatmo/internal/ui/deferred_tap.go:33.19,35.3 1 1
github.com/ingyamilmolinar/beatmo/internal/ui/deferred_tap.go:36.2,36.13 1 1
github.com/ingyamilmolinar/beatmo/internal/ui/deferred_tap.go:40.33,40.54 1 1
github.com/ingyamilmolinar/beatmo/internal/ui/deferred_tap.go:43.38,43.58 1 1
github.com/ingyamilmolinar/beatmo/internal/ui/deferred_tap.go:46.41,46.62 1 1
github.com/ingyamilmolinar/beatmo/internal/ui/demo_stub.go:14.34,15.13 1 1
github.com/ingyamilmolinar/beatmo/internal/ui/demo_stub.go:15.13,17.3 1 0
github.com/ingyamilmolinar/beatmo/internal/ui/demo_stub.go:18.2,18.17 1 1
github.com/ingyamilmolinar/beatmo/internal/ui/demo_stub.go:18.17,20.3 1 1
github.com/ingyamilmolinar/beatmo/internal/ui/demo_stub.go:21.2,22.30 2 1
github.com/ingyamilmolinar/beatmo/internal/ui/demo_stub.go:22.30,24.3 1 0
github.com/ingyamilmolinar/beatmo/internal/ui/demo_stub.go:25.2,25.14 1 1
github.com/ingyamilmolinar/beatmo/internal/ui/demo_stub.go:25.14,27.3 1 0
github.com/ingyamilmolinar/beatmo/internal/ui/demo_stub.go:28.2,28.63 1 1
github.com/ingyamilmolinar/beatmo/internal/ui/demo_stub.go:28.63,30.3 1 1
github.com/ingyamilmolinar/beatmo/internal/ui/demo_stub.go:31.2,31.10 1 0
github.com/ingyamilmolinar/beatmo/internal/ui/demo_stub.go:37.28,38.52 1 1
github.com/ingyamilmolinar/beatmo/internal/ui/demo_stub.go:38.52,40.3 1 0
github.com/ingyamilmolinar/beatmo/internal/ui/demo_stub.go:41.2,42.15 2 1
github.com/ingyamilmolinar/beatmo/internal/ui/demo_stub.go:42.15,44.3 1 1
github.com/ingyamilmolinar/beatmo/internal/ui/demo_stub.go:45.2,45.15 1 1
github.com/ingyamilmolinar/beatmo/internal/ui/demo_stub.go:45.15,47.3 1 1
github.com/ingyamilmolinar/beatmo/internal/ui/demo_stub.go:48.2,48.59 1 1
github.com/ingyamilmolinar/beatmo/internal/ui/demo_stub.go:48.59,49.40 1 1
github.com/ingyamilmolinar/beatmo/internal/ui/demo_stub.go:49.40,51.29 1 1
github.com/ingyamilmolinar/beatmo/internal/ui/demo_stub.go:51.29,53.38 2 1
github.com/ingyamilmolinar/beatmo/internal/ui/demo_stub.go:53.38,54.43 1 1
github.com/ingyamilmolinar/beatmo/internal/ui/demo_stub.go:54.43,55.15 1 0
github.com/ingyamilmolinar/beatmo/internal/ui/demo_stub.go:57.6,57.52 1 1
github.com/ingyamilmolinar/beatmo/internal/ui/demo_stub.go:57.52,59.7 1 1
github.com/ingyamilmolinar/beatmo/internal/ui/demo_stub.go:61.5,61.37 1 1
github.com/ingyamilmolinar/beatmo/internal/ui/demo_stub.go:61.37,65.30 4 1
github.com/ingyamilmolinar/beatmo/internal/ui/demo_stub.go:65.30,69.7 3 1
github.com/ingyamilmolinar/beatmo/internal/ui/demo_stub.go:70.6,71.33 2 1
github.com/ingyamilmolinar/beatmo/internal/ui/demo_stub.go:73.10,73.105 1 1
github.com/ingyamilmolinar/beatmo/internal/ui/demo_stub.go:73.105,77.5 3 0
github.com/ingyamilmolinar/beatmo/internal/ui/demo_stub.go:78.4,79.22 2 1
github.com/ingyamilmolinar/beatmo/internal/ui/demo_stub.go:85.27,85.28 0 0
github.com/ingyamilmolinar/beatmo/internal/ui/demo_stub.go:89.57,92.2 2 0
github.com/ingyamilmolinar/beatmo/internal/ui/drawing.go:13.87,14.15 1 1
github.com/ingyamilmolinar/beatmo/internal/ui/drawing.go:14.15,16.3 1 1
github.com/ingyamilmolinar/beatmo/internal/ui/drawing.go:19.2,20.12 2 1
github.com/ingyamilmolinar/beatmo/internal/ui/drawing.go:20.12,26.3 5 1
github.com/ingyamilmolinar/beatmo/internal/ui/drawing.go:29.2,47.27 16 1
github.com/ingyamilmolinar/beatmo/internal/ui/drawing.go:51.101,52.15 1 1
github.com/ingyamilmolinar/beatmo/internal/ui/drawing.go:52.15,54.3 1 1
github.com/ingyamilmolinar/beatmo/internal/ui/drawing.go:55.2,56.13 2 1
github.com/ingyamilmolinar/beatmo/internal/ui/drawing.go:56.13,58.3 1 0
github.com/ingyamilmolinar/beatmo/internal/ui/drawing.go:60.2,62.36 2 1
github.com/ingyamilmolinar/beatmo/internal/ui/drawing.go:62.36,65.3 2 1
github.com/ingyamilmolinar/beatmo/internal/ui/drawing.go:67.2,67.33 1 1
github.com/ingyamilmolinar/beatmo/internal/ui/drawing.go:72.120,73.15 1 1
github.com/ingyamilmolinar/beatmo/internal/ui/drawing.go:73.15,75.3 1 0
github.com/ingyamilmolinar/beatmo/internal/ui/drawing.go:76.2,77.13 2 1
github.com/ingyamilmolinar/beatmo/internal/ui/drawing.go:77.13,79.3 1 0
github.com/ingyamilmolinar/beatmo/internal/ui/drawing.go:80.2,81.48 2 1
github.com/ingyamilmolinar/beatmo/internal/ui/drawing.go:85.30,85.49 1 1
github.com/ingyamilmolinar/beatmo/internal/ui/drawing.go:88.56,94.2 5 1
github.com/ingyamilmolinar/beatmo/internal/ui/drawing.go:96.33,97.13 1 1
github.com/ingyamilmolinar/beatmo/internal/ui/drawing.go:97.13,99.3 1 1
github.com/ingyamilmolinar/beatmo/internal/ui/drawing.go:100.2,100.13 1 1
github.com/ingyamilmolinar/beatmo/internal/ui/drawing.go:100.13,102.3 1 1
github.com/ingyamilmolinar/beatmo/internal/ui/drawing.go:103.2,103.10 1 1
github.com/ingyamilmolinar/beatmo/internal/ui/drawing.go:107.80,109.15 1 1
github.com/ingyamilmolinar/beatmo/internal/ui/drawing.go:109.15,111.3 1 0
github.com/ingyamilmolinar/beatmo/internal/ui/drawing.go:112.2,114.13 3 1
github.com/ingyamilmolinar/beatmo/internal/ui/drawing.go:114.13,116.3 1 0
github.com/ingyamilmolinar/beatmo/internal/ui/drawing.go:117.2,118.19 2 1
github.com/ingyamilmolinar/beatmo/internal/ui/drawing.go:118.19,120.3 1 0
github.com/ingyamilmolinar/beatmo/internal/ui/drawing.go:122.2,128.12 7 1
github.com/ingyamilmolinar/beatmo/internal/ui/drawing.go:128.12,130.3 1 0
github.com/ingyamilmolinar/beatmo/internal/ui/drawing.go:132.2,132.28 1 1
github.com/ingyamilmolinar/beatmo/internal/ui/drawing.go:132.28,137.12 4 1
github.com/ingyamilmolinar/beatmo/internal/ui/drawing.go:137.12,139.4 1 1
github.com/ingyamilmolinar/beatmo/internal/ui/drawing.go:140.3,141.14 2 1
github.com/ingyamilmolinar/beatmo/internal/ui/drawing.go:141.14,143.4 1 1
github.com/ingyamilmolinar/beatmo/internal/ui/drawing.go:147.81,148.15 1 1
github.com/ingyamilmolinar/beatmo/internal/ui/drawing.go:148.15,150.3 1 0
github.com/ingyamilmolinar/beatmo/internal/ui/drawing.go:151.2,157.34 6 1
github.com/ingyamilmolinar/beatmo/internal/ui/drawing.go:157.34,159.28 2 0
github.com/ingyamilmolinar/beatmo/internal/ui/drawing.go:159.28,161.4 1 0
github.com/ingyamilmolinar/beatmo/internal/ui/drawing.go:163.2,164.33 2 1
github.com/ingyamilmolinar/beatmo/internal/ui/drawing.go:167.80,168.15 1 1
github.com/ingyamilmolinar/beatmo/internal/ui/drawing.go:168.15,170.3 1 0
github.com/ingyamilmolinar/beatmo/internal/ui/drawing.go:171.2,173.14 3 1
github.com/ingyamilmolinar/beatmo/internal/ui/drawing.go:173.14,175.3 1 0
github.com/ingyamilmolinar/beatmo/internal/ui/drawing.go:176.2,180.14 5 1
github.com/ingyamilmolinar/beatmo/internal/ui/drawing.go:180.14,182.3 1 1
github.com/ingyamilmolinar/beatmo/internal/ui/drawing.go:183.2,183.47 1 1
github.com/ingyamilmolinar/beatmo/internal/ui/drawing.go:186.82,187.15 1 1
github.com/ingyamilmolinar/beatmo/internal/ui/drawing.go:187.15,189.3 1 1
github.com/ingyamilmolinar/beatmo/internal/ui/drawing.go:191.2,194.19 4 1
github.com/ingyamilmolinar/beatmo/internal/ui/drawing.go:194.19,196.3 1 1
github.com/ingyamilmolinar/beatmo/internal/ui/drawing.go:197.2,202.30 6 1
github.com/ingyamilmolinar/beatmo/internal/ui/drawing.go:202.30,207.3 4 1
github.com/ingyamilmolinar/beatmo/internal/ui/drawing.go:210.80,211.15 1 1
github.com/ingyamilmolinar/beatmo/internal/ui/drawing.go:211.15,213.3 1 1
github.com/ingyamilmolinar/beatmo/internal/ui/drawing.go:214.2,217.18 4 1
github.com/ingyamilmolinar/beatmo/internal/ui/drawing.go:217.18,219.3 1 1
github.com/ingyamilmolinar/beatmo/internal/ui/drawing.go:220.2,223.38 4 1
github.com/ingyamilmolinar/beatmo/internal/ui/drawing.go:223.38,225.3 1 1
github.com/ingyamilmolinar/beatmo/internal/ui/drawing.go:226.2,230.38 5 1
github.com/ingyamilmolinar/beatmo/internal/ui/drawing.go:230.38,232.3 1 0
github.com/ingyamilmolinar/beatmo/internal/ui/drawing.go:235.81,236.15 1 1
github.com/ingyamilmolinar/beatmo/internal/ui/drawing.go:236.15,238.3 1 0
github.com/ingyamilmolinar/beatmo/internal/ui/drawing.go:240.2,243.15 4 1
github.com/ingyamilmolinar/beatmo/internal/ui/drawing.go:243.15,245.3 1 0
github.com/ingyamilmolinar/beatmo/internal/ui/drawing.go:246.2,247.19 2 1
github.com/ingyamilmolinar/beatmo/internal/ui/drawing.go:247.19,249.3 1 0
github.com/ingyamilmolinar/beatmo/internal/ui/drawing.go:250.2,254.30 4 1
github.com/ingyamilmolinar/beatmo/internal/ui/drawing.go:254.30,259.3 4 1
github.com/ingyamilmolinar/beatmo/internal/ui/drawing.go:261.2,261.30 1 1
github.com/ingyamilmolinar/beatmo/internal/ui/drawing.go:261.30,266.3 4 1
github.com/ingyamilmolinar/beatmo/internal/ui/drawing.go:270.80,271.15 1 1
github.com/ingyamilmolinar/beatmo/internal/ui/drawing.go:271.15,273.3 1 0
github.com/ingyamilmolinar/beatmo/internal/ui/drawing.go:274.2,275.19 2 1
github.com/ingyamilmolinar/beatmo/internal/ui/drawing.go:275.19,277.3 1 0
github.com/ingyamilmolinar/beatmo/internal/ui/drawing.go:278.2,284.94 5 1
github.com/ingyamilmolinar/beatmo/internal/ui/drawing.go:288.81,289.15 1 1
github.com/ingyamilmolinar/beatmo/internal/ui/drawing.go:289.15,291.3 1 0
github.com/ingyamilmolinar/beatmo/internal/ui/drawing.go:292.2,293.19 2 1
github.com/ingyamilmolinar/beatmo/internal/ui/drawing.go:293.19,295.3 1 0
github.com/ingyamilmolinar/beatmo/internal/ui/drawing.go:296.2,299.94 3 1
github.com/ingyamilmolinar/beatmo/internal/ui/drawing.go:306.106,307.15 1 1
github.com/ingyamilmolinar/beatmo/internal/ui/drawing.go:307.15,309.3 1 1
github.com/ingyamilmolinar/beatmo/internal/ui/drawing.go:310.2,311.19 2 1
github.com/ingyamilmolinar/beatmo/internal/ui/drawing.go:311.19,313.3 1 1
github.com/ingyamilmolinar/beatmo/internal/ui/drawing.go:314.2,314.16 1 1
github.com/ingyamilmolinar/beatmo/internal/ui/drawing.go:314.16,317.3 2 1
github.com/ingyamilmolinar/beatmo/internal/ui/drawing.go:318.2,318.12 1 1
github.com/ingyamilmolinar/beatmo/internal/ui/drawing.go:318.12,326.31 4 1
github.com/ingyamilmolinar/beatmo/internal/ui/drawing.go:326.31,341.4 7 1
github.com/ingyamilmolinar/beatmo/internal/ui/drawing.go:342.8,353.31 5 1
github.com/ingyamilmolinar/beatmo/internal/ui/drawing.go:353.31,365.4 7 1
github.com/ingyamilmolinar/beatmo/internal/ui/drawing.go:370.72,371.30 1 1
github.com/ingyamilmolinar/beatmo/internal/ui/drawing.go:371.30,373.3 1 1
github.com/ingyamilmolinar/beatmo/internal/ui/drawing.go:374.2,376.52 3 1
github.com/ingyamilmolinar/beatmo/internal/ui/drawing.go:382.78,383.15 1 1
github.com/ingyamilmolinar/beatmo/internal/ui/drawing.go:383.15,385.3 1 0
github.com/ingyamilmolinar/beatmo/internal/ui/drawing.go:386.2,391.34 6 1
github.com/ingyamilmolinar/beatmo/internal/ui/drawing.go:395.84,396.15 1 1
github.com/ingyamilmolinar/beatmo/internal/ui/drawing.go:396.15,398.3 1 0
github.com/ingyamilmolinar/beatmo/internal/ui/drawing.go:399.2,400.17 2 1
github.com/ingyamilmolinar/beatmo/internal/ui/drawing.go:400.17,402.3 1 1
github.com/ingyamilmolinar/beatmo/internal/ui/drawing.go:403.2,406.49 4 1
github.com/ingyamilmolinar/beatmo/internal/ui/drawing.go:406.49,409.3 2 1
github.com/ingyamilmolinar/beatmo/internal/ui/drawing.go:413.80,414.15 1 0
github.com/ingyamilmolinar/beatmo/internal/ui/drawing.go:414.15,416.3 1 0
github.com/ingyamilmolinar/beatmo/internal/ui/drawing.go:418.2,420.15 3 0
github.com/ingyamilmolinar/beatmo/internal/ui/drawing.go:420.15,422.3 1 0
github.com/ingyamilmolinar/beatmo/internal/ui/drawing.go:423.2,425.13 3 0
github.com/ingyamilmolinar/beatmo/internal/ui/drawing.go:425.13,427.3 1 0
github.com/ingyamilmolinar/beatmo/internal/ui/drawing.go:428.2,428.30 1 0
github.com/ingyamilmolinar/beatmo/internal/ui/drawing.go:428.30,431.3 2 0
github.com/ingyamilmolinar/beatmo/internal/ui/drawing.go:435.81,436.15 1 1
github.com/ingyamilmolinar/beatmo/internal/ui/drawing.go:436.15,438.3 1 0
github.com/ingyamilmolinar/beatmo/internal/ui/drawing.go:440.2,442.14 3 1
github.com/ingyamilmolinar/beatmo/internal/ui/drawing.go:442.14,444.3 1 0
github.com/ingyamilmolinar/beatmo/internal/ui/drawing.go:445.2,450.29 5 1
github.com/ingyamilmolinar/beatmo/internal/ui/drawing.go:450.29,454.12 4 1
github.com/ingyamilmolinar/beatmo/internal/ui/drawing.go:454.12,456.4 1 0
github.com/ingyamilmolinar/beatmo/internal/ui/drawing.go:457.3,458.62 2 1
github.com/ingyamilmolinar/beatmo/internal/ui/drawing.go:463.85,464.15 1 0
github.com/ingyamilmolinar/beatmo/internal/ui/drawing.go:464.15,466.3 1 0
github.com/ingyamilmolinar/beatmo/internal/ui/drawing.go:467.2,468.19 2 0
github.com/ingyamilmolinar/beatmo/internal/ui/drawing.go:468.19,470.3 1 0
github.com/ingyamilmolinar/beatmo/internal/ui/drawing.go:471.2,478.30 6 0
github.com/ingyamilmolinar/beatmo/internal/ui/drawing.go:478.30,483.3 4 0
github.com/ingyamilmolinar/beatmo/internal/ui/drawing.go:485.2,485.30 1 0
github.com/ingyamilmolinar/beatmo/internal/ui/drawing.go:485.30,490.3 4 0
github.com/ingyamilmolinar/beatmo/internal/ui/drawing.go:495.81,496.15 1 1
github.com/ingyamilmolinar/beatmo/internal/ui/drawing.go:496.15,498.3 1 0
github.com/ingyamilmolinar/beatmo/internal/ui/drawing.go:499.2,500.19 2 1
github.com/ingyamilmolinar/beatmo/internal/ui/drawing.go:500.19,502.3 1 0
github.com/ingyamilmolinar/beatmo/internal/ui/drawing.go:503.2,518.78 11 1
github.com/ingyamilmolinar/beatmo/internal/ui/drawing.go:522.84,523.15 1 1
github.com/ingyamilmolinar/beatmo/internal/ui/drawing.go:523.15,525.3 1 0
github.com/ingyamilmolinar/beatmo/internal/ui/drawing.go:526.2,527.19 2 1
github.com/ingyamilmolinar/beatmo/internal/ui/drawing.go:527.19,529.3 1 0
github.com/ingyamilmolinar/beatmo/internal/ui/drawing.go:530.2,545.78 11 1
github.com/ingyamilmolinar/beatmo/internal/ui/drawing.go:549.82,550.15 1 1
github.com/ingyamilmolinar/beatmo/internal/ui/drawing.go:550.15,552.3 1 0
github.com/ingyamilmolinar/beatmo/internal/ui/drawing.go:553.2,554.19 2 1
github.com/ingyamilmolinar/beatmo/internal/ui/drawing.go:554.19,556.3 1 0
github.com/ingyamilmolinar/beatmo/internal/ui/drawing.go:557.2,567.30 9 1
github.com/ingyamilmolinar/beatmo/internal/ui/drawing.go:567.30,576.3 6 1
github.com/ingyamilmolinar/beatmo/internal/ui/drawing.go:578.2,579.84 2 1
github.com/ingyamilmolinar/beatmo/internal/ui/drawing.go:583.82,584.15 1 1
github.com/ingyamilmolinar/beatmo/internal/ui/drawing.go:584.15,586.3 1 0
github.com/ingyamilmolinar/beatmo/internal/ui/drawing.go:587.2,588.19 2 1
github.com/ingyamilmolinar/beatmo/internal/ui/drawing.go:588.19,590.3 1 0
github.com/ingyamilmolinar/beatmo/internal/ui/drawing.go:591.2,600.30 8 1
github.com/ingyamilmolinar/beatmo/internal/ui/drawing.go:600.30,609.3 6 1
github.com/ingyamilmolinar/beatmo/internal/ui/drawing.go:611.2,615.90 5 1
github.com/ingyamilmolinar/beatmo/internal/ui/drawing.go:619.82,620.15 1 1
github.com/ingyamilmolinar/beatmo/internal/ui/drawing.go:620.15,622.3 1 0
github.com/ingyamilmolinar/beatmo/internal/ui/drawing.go:623.2,624.19 2 1
github.com/ingyamilmolinar/beatmo/internal/ui/drawing.go:624.19,626.3 1 0
github.com/ingyamilmolinar/beatmo/internal/ui/drawing.go:627.2,637.30 9 1
github.com/ingyamilmolinar/beatmo/internal/ui/drawing.go:637.30,644.3 6 1
github.com/ingyamilmolinar/beatmo/internal/ui/drawing.go:646.2,650.90 5 1
github.com/ingyamilmolinar/beatmo/internal/ui/drawing.go:654.87,655.15 1 0
github.com/ingyamilmolinar/beatmo/internal/ui/drawing.go:655.15,657.3 1 0
github.com/ingyamilmolinar/beatmo/internal/ui/drawing.go:658.2,659.19 2 0
github.com/ingyamilmolinar/beatmo/internal/ui/drawing.go:659.19,661.3 1 0
github.com/ingyamilmolinar/beatmo/internal/ui/drawing.go:662.2,669.30 6 0
github.com/ingyamilmolinar/beatmo/internal/ui/drawing.go:669.30,674.3 4 0
github.com/ingyamilmolinar/beatmo/internal/ui/drawing.go:676.2,676.30 1 0
github.com/ingyamilmolinar/beatmo/internal/ui/drawing.go:676.30,681.3 4 0
github.com/ingyamilmolinar/beatmo/internal/ui/drawing.go:687.70,690.16 3 1
github.com/ingyamilmolinar/beatmo/internal/ui/drawing.go:690.16,694.3 3 1
github.com/ingyamilmolinar/beatmo/internal/ui/drawing.go:695.2,697.47 3 1
github.com/ingyamilmolinar/beatmo/internal/ui/drawing.go:701.80,705.11 4 1
github.com/ingyamilmolinar/beatmo/internal/ui/drawing.go:705.11,707.3 1 1
github.com/ingyamilmolinar/beatmo/internal/ui/drawing.go:708.2,711.24 3 1
github.com/ingyamilmolinar/beatmo/internal/ui/drawing.go:711.24,713.12 2 1
github.com/ingyamilmolinar/beatmo/internal/ui/drawing.go:713.12,715.4 1 1
github.com/ingyamilmolinar/beatmo/internal/ui/drawing.go:716.3,716.53 1 1
github.com/ingyamilmolinar/beatmo/internal/ui/drawing.go:722.100,725.16 3 1
github.com/ingyamilmolinar/beatmo/internal/ui/drawing.go:725.16,730.31 4 1
github.com/ingyamilmolinar/beatmo/internal/ui/drawing.go:730.31,734.4 2 1
github.com/ingyamilmolinar/beatmo/internal/ui/drawing.go:735.8,740.31 4 1
github.com/ingyamilmolinar/beatmo/internal/ui/drawing.go:740.31,743.4 2 1
github.com/ingyamilmolinar/beatmo/internal/ui/drawing.go:748.30,748.68 1 1
github.com/ingyamilmolinar/beatmo/internal/ui/drawing.go:752.35,755.2 2 1
github.com/ingyamilmolinar/beatmo/internal/ui/drawing.go:759.54,764.2 4 1
github.com/ingyamilmolinar/beatmo/internal/ui/drawing.go:768.74,776.2 2 1
github.com/ingyamilmolinar/beatmo/internal/ui/drawing.go:778.25,779.11 1 1
github.com/ingyamilmolinar/beatmo/internal/ui/drawing.go:779.11,781.3 1 1
github.com/ingyamilmolinar/beatmo/internal/ui/drawing.go:782.2,782.10 1 1
github.com/ingyamilmolinar/beatmo/internal/ui/drawing.go:784.25,785.11 1 1
github.com/ingyamilmolinar/beatmo/internal/ui/drawing.go:785.11,787.3 1 1
github.com/ingyamilmolinar/beatmo/internal/ui/drawing.go:788.2,788.10 1 1
github.com/ingyamilmolinar/beatmo/internal/ui/drawing.go:790.22,791.11 1 1
github.com/ingyamilmolinar/beatmo/internal/ui/drawing.go:791.11,793.3 1 0
github.com/ingyamilmolinar/beatmo/internal/ui/drawing.go:794.2,794.10 1 1
github.com/ingyamilmolinar/beatmo/internal/ui/drawline_debug_for_testbuild.go:9.50,9.51 0 1
github.com/ingyamilmolinar/beatmo/internal/ui/drumview.go:40.24,40.57 1 1
github.com/ingyamilmolinar/beatmo/internal/ui/drumview.go:106.39,107.33 1 1
github.com/ingyamilmolinar/beatmo/internal/ui/drumview.go:107.33,109.3 1 1
github.com/ingyamilmolinar/beatmo/internal/ui/drumview.go:110.2,110.35 1 1
github.com/ingyamilmolinar/beatmo/internal/ui/drumview.go:110.35,112.3 1 1
github.com/ingyamilmolinar/beatmo/internal/ui/drumview.go:113.2,113.29 1 1
github.com/ingyamilmolinar/beatmo/internal/ui/drumview.go:113.29,116.3 1 0
github.com/ingyamilmolinar/beatmo/internal/ui/drumview.go:117.2,120.10 4 1
github.com/ingyamilmolinar/beatmo/internal/ui/drumview.go:507.47,507.83 1 1
github.com/ingyamilmolinar/beatmo/internal/ui/drumview.go:508.47,508.84 1 1
github.com/ingyamilmolinar/beatmo/internal/ui/drumview.go:509.47,509.82 1 1
github.com/ingyamilmolinar/beatmo/internal/ui/drumview.go:510.47,510.84 1 1
github.com/ingyamilmolinar/beatmo/internal/ui/drumview.go:511.47,511.85 1 1
github.com/ingyamilmolinar/beatmo/internal/ui/drumview.go:512.47,512.79 1 1
github.com/ingyamilmolinar/beatmo/internal/ui/drumview.go:513.47,513.79 1 1
github.com/ingyamilmolinar/beatmo/internal/ui/drumview.go:517.41,518.27 1 1
github.com/ingyamilmolinar/beatmo/internal/ui/drumview.go:518.27,520.3 1 0
github.com/ingyamilmolinar/beatmo/internal/ui/drumview.go:521.2,521.38 1 1
github.com/ingyamilmolinar/beatmo/internal/ui/drumview.go:523.41,524.27 1 1
github.com/ingyamilmolinar/beatmo/internal/ui/drumview.go:524.27,526.3 1 0
github.com/ingyamilmolinar/beatmo/internal/ui/drumview.go:527.2,527.36 1 1
github.com/ingyamilmolinar/beatmo/internal/ui/drumview.go:529.43,530.27 1 1
github.com/ingyamilmolinar/beatmo/internal/ui/drumview.go:530.27,532.3 1 1
github.com/ingyamilmolinar/beatmo/internal/ui/drumview.go:533.2,533.35 1 1
github.com/ingyamilmolinar/beatmo/internal/ui/drumview.go:535.45,536.27 1 1
github.com/ingyamilmolinar/beatmo/internal/ui/drumview.go:536.27,538.3 1 0
github.com/ingyamilmolinar/beatmo/internal/ui/drumview.go:539.2,539.37 1 1
github.com/ingyamilmolinar/beatmo/internal/ui/drumview.go:541.45,542.27 1 1
github.com/ingyamilmolinar/beatmo/internal/ui/drumview.go:542.27,544.3 1 0
github.com/ingyamilmolinar/beatmo/internal/ui/drumview.go:545.2,545.37 1 1
github.com/ingyamilmolinar/beatmo/internal/ui/drumview.go:547.46,548.27 1 1
github.com/ingyamilmolinar/beatmo/internal/ui/drumview.go:548.27,550.3 1 0
github.com/ingyamilmolinar/beatmo/internal/ui/drumview.go:551.2,551.38 1 1
github.com/ingyamilmolinar/beatmo/internal/ui/drumview.go:553.47,554.27 1 1
github.com/ingyamilmolinar/beatmo/internal/ui/drumview.go:554.27,556.3 1 0
github.com/ingyamilmolinar/beatmo/internal/ui/drumview.go:557.2,557.39 1 1
github.com/ingyamilmolinar/beatmo/internal/ui/drumview.go:559.47,560.27 1 1
github.com/ingyamilmolinar/beatmo/internal/ui/drumview.go:560.27,562.3 1 0
github.com/ingyamilmolinar/beatmo/internal/ui/drumview.go:563.2,563.39 1 1
github.com/ingyamilmolinar/beatmo/internal/ui/drumview.go:565.47,566.27 1 1
github.com/ingyamilmolinar/beatmo/internal/ui/drumview.go:566.27,568.3 1 0
github.com/ingyamilmolinar/beatmo/internal/ui/drumview.go:569.2,569.39 1 1
github.com/ingyamilmolinar/beatmo/internal/ui/drumview.go:571.45,572.27 1 1
github.com/ingyamilmolinar/beatmo/internal/ui/drumview.go:572.27,574.3 1 0
github.com/ingyamilmolinar/beatmo/internal/ui/drumview.go:575.2,575.37 1 1
github.com/ingyamilmolinar/beatmo/internal/ui/drumview.go:577.45,578.27 1 1
github.com/ingyamilmolinar/beatmo/internal/ui/drumview.go:578.27,580.3 1 0
github.com/ingyamilmolinar/beatmo/internal/ui/drumview.go:581.2,581.37 1 1
github.com/ingyamilmolinar/beatmo/internal/ui/drumview.go:583.45,584.27 1 1
github.com/ingyamilmolinar/beatmo/internal/ui/drumview.go:584.27,586.3 1 0
github.com/ingyamilmolinar/beatmo/internal/ui/drumview.go:587.2,587.37 1 1
github.com/ingyamilmolinar/beatmo/internal/ui/drumview.go:589.43,590.27 1 1
github.com/ingyamilmolinar/beatmo/internal/ui/drumview.go:590.27,592.3 1 0
github.com/ingyamilmolinar/beatmo/internal/ui/drumview.go:593.2,593.35 1 1
github.com/ingyamilmolinar/beatmo/internal/ui/drumview.go:595.50,596.27 1 1
github.com/ingyamilmolinar/beatmo/internal/ui/drumview.go:596.27,598.3 1 0
github.com/ingyamilmolinar/beatmo/internal/ui/drumview.go:599.2,599.35 1 1
github.com/ingyamilmolinar/beatmo/internal/ui/drumview.go:601.48,602.27 1 1
github.com/ingyamilmolinar/beatmo/internal/ui/drumview.go:602.27,604.3 1 0
github.com/ingyamilmolinar/beatmo/internal/ui/drumview.go:605.2,605.37 1 1
github.com/ingyamilmolinar/beatmo/internal/ui/drumview.go:607.49,608.27 1 1
github.com/ingyamilmolinar/beatmo/internal/ui/drumview.go:608.27,610.3 1 0
github.com/ingyamilmolinar/beatmo/internal/ui/drumview.go:611.2,611.35 1 1
github.com/ingyamilmolinar/beatmo/internal/ui/drumview.go:616.51,616.86 1 1
github.com/ingyamilmolinar/beatmo/internal/ui/drumview.go:617.51,617.86 1 1
github.com/ingyamilmolinar/beatmo/internal/ui/drumview.go:618.51,618.88 1 1
github.com/ingyamilmolinar/beatmo/internal/ui/drumview.go:619.51,619.85 1 1
github.com/ingyamilmolinar/beatmo/internal/ui/drumview.go:620.51,620.88 1 1
github.com/ingyamilmolinar/beatmo/internal/ui/drumview.go:621.51,621.88 1 1
github.com/ingyamilmolinar/beatmo/internal/ui/drumview.go:622.51,622.87 1 1
github.com/ingyamilmolinar/beatmo/internal/ui/drumview.go:623.51,623.88 1 1
github.com/ingyamilmolinar/beatmo/internal/ui/drumview.go:624.51,624.88 1 1
github.com/ingyamilmolinar/beatmo/internal/ui/drumview.go:625.51,625.88 1 1
github.com/ingyamilmolinar/beatmo/internal/ui/drumview.go:626.51,626.93 1 1
github.com/ingyamilmolinar/beatmo/internal/ui/drumview.go:627.51,627.92 1 1
github.com/ingyamilmolinar/beatmo/internal/ui/drumview.go:628.51,628.90 1 1
github.com/ingyamilmolinar/beatmo/internal/ui/drumview.go:629.51,629.92 1 1
github.com/ingyamilmolinar/beatmo/internal/ui/drumview.go:630.51,630.91 1 1
github.com/ingyamilmolinar/beatmo/internal/ui/drumview.go:631.51,631.93 1 0
github.com/ingyamilmolinar/beatmo/internal/ui/drumview_audio_eq.go:11.40,15.2 2 1
github.com/ingyamilmolinar/beatmo/internal/ui/drumview_audio_eq.go:18.40,21.11 2 1
github.com/ingyamilmolinar/beatmo/internal/ui/drumview_audio_eq.go:21.11,23.3 1 0
github.com/ingyamilmolinar/beatmo/internal/ui/drumview_audio_eq.go:24.2,24.11 1 1
github.com/ingyamilmolinar/beatmo/internal/ui/drumview_audio_eq.go:24.11,26.3 1 0
github.com/ingyamilmolinar/beatmo/internal/ui/drumview_audio_eq.go:27.2,27.10 1 1
github.com/ingyamilmolinar/beatmo/internal/ui/drumview_audio_eq.go:31.46,32.30 1 1
github.com/ingyamilmolinar/beatmo/internal/ui/drumview_audio_eq.go:32.30,34.3 1 0
github.com/ingyamilmolinar/beatmo/internal/ui/drumview_audio_eq.go:35.2,35.27 1 1
github.com/ingyamilmolinar/beatmo/internal/ui/drumview_audio_eq.go:38.63,39.30 1 1
github.com/ingyamilmolinar/beatmo/internal/ui/drumview_audio_eq.go:39.30,41.3 1 1
github.com/ingyamilmolinar/beatmo/internal/ui/drumview_audio_eq.go:43.2,43.60 1 1
github.com/ingyamilmolinar/beatmo/internal/ui/drumview_audio_eq.go:43.60,45.3 1 0
github.com/ingyamilmolinar/beatmo/internal/ui/drumview_audio_eq.go:46.2,46.60 1 1
github.com/ingyamilmolinar/beatmo/internal/ui/drumview_audio_eq.go:49.68,50.35 1 1
github.com/ingyamilmolinar/beatmo/internal/ui/drumview_audio_eq.go:50.35,52.3 1 1
github.com/ingyamilmolinar/beatmo/internal/ui/drumview_audio_eq.go:53.2,53.58 1 0
github.com/ingyamilmolinar/beatmo/internal/ui/drumview_audio_eq.go:57.37,58.48 1 1
github.com/ingyamilmolinar/beatmo/internal/ui/drumview_audio_eq.go:58.48,60.3 1 0
github.com/ingyamilmolinar/beatmo/internal/ui/drumview_audio_eq.go:61.2,69.27 7 1
github.com/ingyamilmolinar/beatmo/internal/ui/drumview_audio_eq.go:69.27,71.3 1 1
github.com/ingyamilmolinar/beatmo/internal/ui/drumview_audio_eq.go:75.41,76.36 1 1
github.com/ingyamilmolinar/beatmo/internal/ui/drumview_audio_eq.go:76.36,78.3 1 0
github.com/ingyamilmolinar/beatmo/internal/ui/drumview_audio_eq.go:79.2,80.41 2 1
github.com/ingyamilmolinar/beatmo/internal/ui/drumview_audio_eq.go:80.41,82.3 1 0
github.com/ingyamilmolinar/beatmo/internal/ui/drumview_audio_eq.go:83.2,84.16 2 1
github.com/ingyamilmolinar/beatmo/internal/ui/drumview_audio_eq.go:84.16,86.3 1 1
github.com/ingyamilmolinar/beatmo/internal/ui/drumview_audio_eq.go:87.2,88.16 2 1
github.com/ingyamilmolinar/beatmo/internal/ui/drumview_audio_eq.go:88.16,90.3 1 1
github.com/ingyamilmolinar/beatmo/internal/ui/drumview_audio_eq.go:91.2,97.27 7 1
github.com/ingyamilmolinar/beatmo/internal/ui/drumview_audio_eq.go:97.27,99.3 1 1
github.com/ingyamilmolinar/beatmo/internal/ui/drumview_audio_eq.go:104.80,106.33 2 1
github.com/ingyamilmolinar/beatmo/internal/ui/drumview_audio_eq.go:106.33,108.13 2 1
github.com/ingyamilmolinar/beatmo/internal/ui/drumview_audio_eq.go:108.13,110.4 1 1
github.com/ingyamilmolinar/beatmo/internal/ui/drumview_audio_eq.go:111.3,111.29 1 1
github.com/ingyamilmolinar/beatmo/internal/ui/drumview_audio_eq.go:111.29,113.4 1 1
github.com/ingyamilmolinar/beatmo/internal/ui/drumview_audio_eq.go:114.3,117.21 4 1
github.com/ingyamilmolinar/beatmo/internal/ui/drumview_audio_eq.go:117.21,119.4 1 1
github.com/ingyamilmolinar/beatmo/internal/ui/drumview_audio_eq.go:120.3,127.5 2 1
github.com/ingyamilmolinar/beatmo/internal/ui/drumview_audio_eq.go:129.2,129.14 1 1
github.com/ingyamilmolinar/beatmo/internal/ui/drumview_audio_eq.go:134.31,136.18 2 1
github.com/ingyamilmolinar/beatmo/internal/ui/drumview_audio_eq.go:136.18,139.3 2 1
github.com/ingyamilmolinar/beatmo/internal/ui/drumview_audio_eq.go:141.2,141.28 1 0
github.com/ingyamilmolinar/beatmo/internal/ui/drumview_audio_eq.go:141.28,142.25 1 0
github.com/ingyamilmolinar/beatmo/internal/ui/drumview_audio_eq.go:142.25,145.4 2 0
github.com/ingyamilmolinar/beatmo/internal/ui/drumview_audio_eq.go:148.2,148.20 1 0
github.com/ingyamilmolinar/beatmo/internal/ui/drumview_audio_eq.go:153.51,157.20 3 1
github.com/ingyamilmolinar/beatmo/internal/ui/drumview_audio_eq.go:157.20,163.3 2 1
github.com/ingyamilmolinar/beatmo/internal/ui/drumview_audio_eq.go:165.2,168.30 2 1
github.com/ingyamilmolinar/beatmo/internal/ui/drumview_audio_eq.go:168.30,169.31 1 1
github.com/ingyamilmolinar/beatmo/internal/ui/drumview_audio_eq.go:169.31,171.4 1 1
github.com/ingyamilmolinar/beatmo/internal/ui/drumview_audio_eq.go:171.9,174.30 2 1
github.com/ingyamilmolinar/beatmo/internal/ui/drumview_audio_eq.go:174.30,175.27 1 1
github.com/ingyamilmolinar/beatmo/internal/ui/drumview_audio_eq.go:175.27,177.11 2 1
github.com/ingyamilmolinar/beatmo/internal/ui/drumview_audio_eq.go:181.4,181.69 1 1
github.com/ingyamilmolinar/beatmo/internal/ui/drumview_audio_eq.go:181.69,183.17 2 1
github.com/ingyamilmolinar/beatmo/internal/ui/drumview_audio_eq.go:183.17,185.6 1 1
github.com/ingyamilmolinar/beatmo/internal/ui/drumview_audio_eq.go:187.4,187.34 1 1
github.com/ingyamilmolinar/beatmo/internal/ui/drumview_audio_eq.go:195.2,197.20 3 1
github.com/ingyamilmolinar/beatmo/internal/ui/drumview_audio_eq.go:197.20,199.28 2 1
github.com/ingyamilmolinar/beatmo/internal/ui/drumview_audio_eq.go:199.28,201.4 1 1
github.com/ingyamilmolinar/beatmo/internal/ui/drumview_audio_eq.go:202.8,202.37 1 1
github.com/ingyamilmolinar/beatmo/internal/ui/drumview_audio_eq.go:202.37,206.28 1 1
github.com/ingyamilmolinar/beatmo/internal/ui/drumview_audio_eq.go:206.28,209.4 2 1
github.com/ingyamilmolinar/beatmo/internal/ui/drumview_audio_eq.go:210.8,214.28 2 1
github.com/ingyamilmolinar/beatmo/internal/ui/drumview_audio_eq.go:214.28,216.4 1 1
github.com/ingyamilmolinar/beatmo/internal/ui/drumview_audio_eq.go:220.2,220.38 1 1
github.com/ingyamilmolinar/beatmo/internal/ui/drumview_audio_eq.go:220.38,221.17 1 1
github.com/ingyamilmolinar/beatmo/internal/ui/drumview_audio_eq.go:221.17,222.12 1 0
github.com/ingyamilmolinar/beatmo/internal/ui/drumview_audio_eq.go:224.3,225.14 2 1
github.com/ingyamilmolinar/beatmo/internal/ui/drumview_audio_eq.go:225.14,227.4 1 1
github.com/ingyamilmolinar/beatmo/internal/ui/drumview_audio_eq.go:227.9,229.4 1 1
github.com/ingyamilmolinar/beatmo/internal/ui/drumview_audio_eq.go:233.2,240.24 6 1
github.com/ingyamilmolinar/beatmo/internal/ui/drumview_audio_eq.go:246.50,247.27 1 1
github.com/ingyamilmolinar/beatmo/internal/ui/drumview_audio_eq.go:247.27,249.3 1 0
github.com/ingyamilmolinar/beatmo/internal/ui/drumview_audio_eq.go:250.2,251.30 2 1
github.com/ingyamilmolinar/beatmo/internal/ui/drumview_audio_eq.go:251.30,255.3 3 1
github.com/ingyamilmolinar/beatmo/internal/ui/drumview_audio_eq.go:255.8,256.29 1 1
github.com/ingyamilmolinar/beatmo/internal/ui/drumview_audio_eq.go:256.29,257.26 1 1
github.com/ingyamilmolinar/beatmo/internal/ui/drumview_audio_eq.go:257.26,262.10 5 1
github.com/ingyamilmolinar/beatmo/internal/ui/drumview_audio_eq.go:271.85,272.30 1 1
github.com/ingyamilmolinar/beatmo/internal/ui/drumview_audio_eq.go:272.30,276.3 3 1
github.com/ingyamilmolinar/beatmo/internal/ui/drumview_audio_eq.go:276.8,277.29 1 1
github.com/ingyamilmolinar/beatmo/internal/ui/drumview_audio_eq.go:277.29,278.26 1 1
github.com/ingyamilmolinar/beatmo/internal/ui/drumview_audio_eq.go:278.26,283.10 5 1
github.com/ingyamilmolinar/beatmo/internal/ui/drumview_audio_eq.go:287.2,287.8 1 1
github.com/ingyamilmolinar/beatmo/internal/ui/drumview_audio_eq.go:292.45,294.32 2 1
github.com/ingyamilmolinar/beatmo/internal/ui/drumview_audio_eq.go:294.32,296.68 2 1
github.com/ingyamilmolinar/beatmo/internal/ui/drumview_audio_eq.go:296.68,298.4 1 1
github.com/ingyamilmolinar/beatmo/internal/ui/drumview_audio_eq.go:300.2,300.30 1 1
github.com/ingyamilmolinar/beatmo/internal/ui/drumview_audio_eq.go:300.30,302.66 2 1
github.com/ingyamilmolinar/beatmo/internal/ui/drumview_audio_eq.go:302.66,304.4 1 1
github.com/ingyamilmolinar/beatmo/internal/ui/drumview_audio_eq.go:310.38,313.43 2 1
github.com/ingyamilmolinar/beatmo/internal/ui/drumview_audio_eq.go:313.43,317.3 2 1
github.com/ingyamilmolinar/beatmo/internal/ui/drumview_audio_eq.go:320.2,320.28 1 1
github.com/ingyamilmolinar/beatmo/internal/ui/drumview_audio_eq.go:320.28,321.30 1 1
github.com/ingyamilmolinar/beatmo/internal/ui/drumview_audio_eq.go:321.30,322.26 1 1
github.com/ingyamilmolinar/beatmo/internal/ui/drumview_audio_eq.go:322.26,324.5 1 1
github.com/ingyamilmolinar/beatmo/internal/ui/drumview_audio_eq.go:324.10,326.5 1 1
github.com/ingyamilmolinar/beatmo/internal/ui/drumview_audio_eq.go:327.4,327.10 1 1
github.com/ingyamilmolinar/beatmo/internal/ui/drumview_audio_eq.go:332.2,332.31 1 0
github.com/ingyamilmolinar/beatmo/internal/ui/drumview_audio_eq.go:336.42,337.36 1 1
github.com/ingyamilmolinar/beatmo/internal/ui/drumview_audio_eq.go:337.36,339.3 1 0
github.com/ingyamilmolinar/beatmo/internal/ui/drumview_audio_eq.go:340.2,341.41 2 1
github.com/ingyamilmolinar/beatmo/internal/ui/drumview_audio_eq.go:341.41,343.3 1 0
github.com/ingyamilmolinar/beatmo/internal/ui/drumview_audio_eq.go:347.47,348.36 1 1
github.com/ingyamilmolinar/beatmo/internal/ui/drumview_audio_eq.go:348.36,350.3 1 0
github.com/ingyamilmolinar/beatmo/internal/ui/drumview_audio_eq.go:351.2,352.43 2 1
github.com/ingyamilmolinar/beatmo/internal/ui/drumview_audio_eq.go:352.43,354.3 1 1
github.com/ingyamilmolinar/beatmo/internal/ui/drumview_audio_eq.go:358.45,360.18 2 1
github.com/ingyamilmolinar/beatmo/internal/ui/drumview_audio_eq.go:360.18,362.3 1 1
github.com/ingyamilmolinar/beatmo/internal/ui/drumview_audio_eq.go:363.2,363.28 1 1
github.com/ingyamilmolinar/beatmo/internal/ui/drumview_audio_eq.go:363.28,364.25 1 1
github.com/ingyamilmolinar/beatmo/internal/ui/drumview_audio_eq.go:364.25,366.4 1 1
github.com/ingyamilmolinar/beatmo/internal/ui/drumview_audio_eq.go:368.2,368.14 1 0
github.com/ingyamilmolinar/beatmo/internal/ui/drumview_audio_eq.go:372.49,374.18 2 1
github.com/ingyamilmolinar/beatmo/internal/ui/drumview_audio_eq.go:374.18,376.3 1 1
github.com/ingyamilmolinar/beatmo/internal/ui/drumview_audio_eq.go:377.2,377.28 1 0
github.com/ingyamilmolinar/beatmo/internal/ui/drumview_audio_eq.go:377.28,378.25 1 0
github.com/ingyamilmolinar/beatmo/internal/ui/drumview_audio_eq.go:378.25,379.26 1 0
github.com/ingyamilmolinar/beatmo/internal/ui/drumview_audio_eq.go:379.26,381.5 1 0
github.com/ingyamilmolinar/beatmo/internal/ui/drumview_audio_eq.go:382.4,382.24 1 0
github.com/ingyamilmolinar/beatmo/internal/ui/drumview_audio_eq.go:385.2,385.11 1 0
github.com/ingyamilmolinar/beatmo/internal/ui/drumview_audio_eq.go:389.45,391.18 2 1
github.com/ingyamilmolinar/beatmo/internal/ui/drumview_audio_eq.go:391.18,393.3 1 1
github.com/ingyamilmolinar/beatmo/internal/ui/drumview_audio_eq.go:394.2,394.28 1 1
github.com/ingyamilmolinar/beatmo/internal/ui/drumview_audio_eq.go:394.28,395.25 1 1
github.com/ingyamilmolinar/beatmo/internal/ui/drumview_audio_eq.go:395.25,397.4 1 1
github.com/ingyamilmolinar/beatmo/internal/ui/drumview_audio_eq.go:399.2,399.14 1 0
github.com/ingyamilmolinar/beatmo/internal/ui/drumview_audio_eq.go:403.49,405.18 2 1
github.com/ingyamilmolinar/beatmo/internal/ui/drumview_audio_eq.go:405.18,407.3 1 1
github.com/ingyamilmolinar/beatmo/internal/ui/drumview_audio_eq.go:408.2,408.28 1 0
github.com/ingyamilmolinar/beatmo/internal/ui/drumview_audio_eq.go:408.28,409.25 1 0
github.com/ingyamilmolinar/beatmo/internal/ui/drumview_audio_eq.go:409.25,410.26 1 0
github.com/ingyamilmolinar/beatmo/internal/ui/drumview_audio_eq.go:410.26,412.5 1 0
github.com/ingyamilmolinar/beatmo/internal/ui/drumview_audio_eq.go:413.4,413.24 1 0
github.com/ingyamilmolinar/beatmo/internal/ui/drumview_audio_eq.go:416.2,416.14 1 0
github.com/ingyamilmolinar/beatmo/internal/ui/drumview_audio_eq.go:420.66,422.18 2 1
github.com/ingyamilmolinar/beatmo/internal/ui/drumview_audio_eq.go:422.18,425.3 2 1
github.com/ingyamilmolinar/beatmo/internal/ui/drumview_audio_eq.go:425.8,426.29 1 0
github.com/ingyamilmolinar/beatmo/internal/ui/drumview_audio_eq.go:426.29,427.26 1 0
github.com/ingyamilmolinar/beatmo/internal/ui/drumview_audio_eq.go:427.26,430.10 3 0
github.com/ingyamilmolinar/beatmo/internal/ui/drumview_audio_eq.go:437.66,439.18 2 1
github.com/ingyamilmolinar/beatmo/internal/ui/drumview_audio_eq.go:439.18,442.3 2 1
github.com/ingyamilmolinar/beatmo/internal/ui/drumview_audio_eq.go:442.8,443.29 1 0
github.com/ingyamilmolinar/beatmo/internal/ui/drumview_audio_eq.go:443.29,444.26 1 0
github.com/ingyamilmolinar/beatmo/internal/ui/drumview_audio_eq.go:444.26,447.10 3 0
github.com/ingyamilmolinar/beatmo/internal/ui/drumview_audio_eq.go:454.33,459.2 4 1
github.com/ingyamilmolinar/beatmo/internal/ui/drumview_audio_eq.go:462.33,467.2 4 1
github.com/ingyamilmolinar/beatmo/internal/ui/drumview_audio_eq.go:470.138,472.25 2 1
github.com/ingyamilmolinar/beatmo/internal/ui/drumview_audio_eq.go:472.25,474.3 1 1
github.com/ingyamilmolinar/beatmo/internal/ui/drumview_audio_eq.go:475.2,475.28 1 1
github.com/ingyamilmolinar/beatmo/internal/ui/drumview_audio_eq.go:475.28,477.3 1 1
github.com/ingyamilmolinar/beatmo/internal/ui/drumview_audio_eq.go:478.2,478.14 1 1
github.com/ingyamilmolinar/beatmo/internal/ui/drumview_audio_eq.go:482.46,483.24 1 1
github.com/ingyamilmolinar/beatmo/internal/ui/drumview_audio_eq.go:483.24,484.28 1 1
github.com/ingyamilmolinar/beatmo/internal/ui/drumview_audio_eq.go:484.28,486.4 1 1
github.com/ingyamilmolinar/beatmo/internal/ui/drumview_audio_eq.go:486.9,488.4 1 1
github.com/ingyamilmolinar/beatmo/internal/ui/drumview_audio_eq.go:490.2,490.24 1 1
github.com/ingyamilmolinar/beatmo/internal/ui/drumview_audio_eq.go:490.24,491.28 1 1
github.com/ingyamilmolinar/beatmo/internal/ui/drumview_audio_eq.go:491.28,493.4 1 1
github.com/ingyamilmolinar/beatmo/internal/ui/drumview_audio_eq.go:493.9,495.4 1 1
github.com/ingyamilmolinar/beatmo/internal/ui/drumview_audio_eq.go:501.48,503.18 2 1
github.com/ingyamilmolinar/beatmo/internal/ui/drumview_audio_eq.go:503.18,504.48 1 1
github.com/ingyamilmolinar/beatmo/internal/ui/drumview_audio_eq.go:504.48,508.4 3 1
github.com/ingyamilmolinar/beatmo/internal/ui/drumview_audio_eq.go:509.8,511.29 1 1
github.com/ingyamilmolinar/beatmo/internal/ui/drumview_audio_eq.go:511.29,512.26 1 1
github.com/ingyamilmolinar/beatmo/internal/ui/drumview_audio_eq.go:512.26,515.47 3 1
github.com/ingyamilmolinar/beatmo/internal/ui/drumview_audio_eq.go:515.47,519.6 3 1
github.com/ingyamilmolinar/beatmo/internal/ui/drumview_audio_eq.go:520.5,520.10 1 1
github.com/ingyamilmolinar/beatmo/internal/ui/drumview_beat_length.go:4.47,5.21 1 1
github.com/ingyamilmolinar/beatmo/internal/ui/drumview_beat_length.go:5.21,8.3 2 1
github.com/ingyamilmolinar/beatmo/internal/ui/drumview_beat_length.go:11.2,11.19 1 1
github.com/ingyamilmolinar/beatmo/internal/ui/drumview_beat_length.go:11.19,12.32 1 1
github.com/ingyamilmolinar/beatmo/internal/ui/drumview_beat_length.go:12.32,14.4 1 1
github.com/ingyamilmolinar/beatmo/internal/ui/drumview_cache_background.go:10.48,11.94 1 1
github.com/ingyamilmolinar/beatmo/internal/ui/drumview_cache_background.go:11.94,17.3 5 1
github.com/ingyamilmolinar/beatmo/internal/ui/drumview_cache_background.go:18.2,18.22 1 1
github.com/ingyamilmolinar/beatmo/internal/ui/drumview_cache_background.go:24.38,25.23 1 1
github.com/ingyamilmolinar/beatmo/internal/ui/drumview_cache_background.go:25.23,27.3 1 0
github.com/ingyamilmolinar/beatmo/internal/ui/drumview_cache_background.go:28.2,28.31 1 1
github.com/ingyamilmolinar/beatmo/internal/ui/drumview_cache_background.go:28.31,30.3 1 1
github.com/ingyamilmolinar/beatmo/internal/ui/drumview_cache_background.go:33.2,33.40 1 1
github.com/ingyamilmolinar/beatmo/internal/ui/drumview_cache_background.go:33.40,37.3 2 0
github.com/ingyamilmolinar/beatmo/internal/ui/drumview_cache_background.go:38.2,38.32 1 1
github.com/ingyamilmolinar/beatmo/internal/ui/drumview_cache_background.go:38.32,40.3 1 0
github.com/ingyamilmolinar/beatmo/internal/ui/drumview_cache_background.go:41.2,42.12 2 1
github.com/ingyamilmolinar/beatmo/internal/ui/drumview_cache_background.go:42.12,44.3 1 0
github.com/ingyamilmolinar/beatmo/internal/ui/drumview_cache_background.go:45.2,47.44 2 1
github.com/ingyamilmolinar/beatmo/internal/ui/drumview_cache_background.go:52.38,53.38 1 1
github.com/ingyamilmolinar/beatmo/internal/ui/drumview_cache_background.go:53.38,58.30 5 1
github.com/ingyamilmolinar/beatmo/internal/ui/drumview_cache_background.go:58.30,60.4 1 1
github.com/ingyamilmolinar/beatmo/internal/ui/drumview_cache_background.go:61.3,61.34 1 1
github.com/ingyamilmolinar/beatmo/internal/ui/drumview_cache_background.go:61.34,63.4 1 1
github.com/ingyamilmolinar/beatmo/internal/ui/drumview_cache_background.go:64.3,69.33 6 1
github.com/ingyamilmolinar/beatmo/internal/ui/drumview_cache_background.go:69.33,71.4 1 1
github.com/ingyamilmolinar/beatmo/internal/ui/drumview_cache_background.go:73.2,73.45 1 1
github.com/ingyamilmolinar/beatmo/internal/ui/drumview_cache_background.go:73.45,77.3 3 0
github.com/ingyamilmolinar/beatmo/internal/ui/drumview_cache_background.go:78.2,78.41 1 1
github.com/ingyamilmolinar/beatmo/internal/ui/drumview_cache_background.go:78.41,82.3 3 0
github.com/ingyamilmolinar/beatmo/internal/ui/drumview_cache_background.go:83.2,83.43 1 1
github.com/ingyamilmolinar/beatmo/internal/ui/drumview_cache_background.go:83.43,87.3 3 0
github.com/ingyamilmolinar/beatmo/internal/ui/drumview_cache_background.go:88.2,88.43 1 1
github.com/ingyamilmolinar/beatmo/internal/ui/drumview_cache_background.go:88.43,92.3 3 0
github.com/ingyamilmolinar/beatmo/internal/ui/drumview_cache_background.go:93.2,93.38 1 1
github.com/ingyamilmolinar/beatmo/internal/ui/drumview_cache_background.go:93.38,97.3 3 1
github.com/ingyamilmolinar/beatmo/internal/ui/drumview_cache_background.go:98.2,98.40 1 1
github.com/ingyamilmolinar/beatmo/internal/ui/drumview_cache_background.go:98.40,102.3 3 1
github.com/ingyamilmolinar/beatmo/internal/ui/drumview_cache_background.go:103.2,103.44 1 1
github.com/ingyamilmolinar/beatmo/internal/ui/drumview_cache_background.go:103.44,107.3 3 1
github.com/ingyamilmolinar/beatmo/internal/ui/drumview_cache_background.go:108.2,108.42 1 1
github.com/ingyamilmolinar/beatmo/internal/ui/drumview_cache_background.go:108.42,112.3 3 1
github.com/ingyamilmolinar/beatmo/internal/ui/drumview_cache_background.go:113.2,113.47 1 1
github.com/ingyamilmolinar/beatmo/internal/ui/drumview_cache_background.go:113.47,117.3 3 1
github.com/ingyamilmolinar/beatmo/internal/ui/drumview_cache_background.go:118.2,118.45 1 1
github.com/ingyamilmolinar/beatmo/internal/ui/drumview_cache_background.go:118.45,122.3 3 1
github.com/ingyamilmolinar/beatmo/internal/ui/drumview_cache_background.go:123.2,123.44 1 1
github.com/ingyamilmolinar/beatmo/internal/ui/drumview_cache_background.go:123.44,127.3 3 1
github.com/ingyamilmolinar/beatmo/internal/ui/drumview_cache_background.go:130.49,131.19 1 1
github.com/ingyamilmolinar/beatmo/internal/ui/drumview_cache_background.go:131.19,132.18 1 0
github.com/ingyamilmolinar/beatmo/internal/ui/drumview_cache_background.go:132.18,134.4 1 0
github.com/ingyamilmolinar/beatmo/internal/ui/drumview_cache_background.go:134.9,136.4 1 0
github.com/ingyamilmolinar/beatmo/internal/ui/drumview_cache_background.go:137.3,137.9 1 0
github.com/ingyamilmolinar/beatmo/internal/ui/drumview_cache_background.go:139.2,139.26 1 1
github.com/ingyamilmolinar/beatmo/internal/ui/drumview_cache_background.go:139.26,141.3 1 1
github.com/ingyamilmolinar/beatmo/internal/ui/drumview_cache_background.go:141.8,143.3 1 1
github.com/ingyamilmolinar/beatmo/internal/ui/drumview_cache_background.go:144.2,144.17 1 1
github.com/ingyamilmolinar/beatmo/internal/ui/drumview_cache_background.go:147.73,148.19 1 1
github.com/ingyamilmolinar/beatmo/internal/ui/drumview_cache_background.go:148.19,149.18 1 0
github.com/ingyamilmolinar/beatmo/internal/ui/drumview_cache_background.go:149.18,151.4 1 0
github.com/ingyamilmolinar/beatmo/internal/ui/drumview_cache_background.go:151.9,153.4 1 0
github.com/ingyamilmolinar/beatmo/internal/ui/drumview_cache_background.go:154.3,154.9 1 0
github.com/ingyamilmolinar/beatmo/internal/ui/drumview_cache_background.go:156.2,156.26 1 1
github.com/ingyamilmolinar/beatmo/internal/ui/drumview_cache_background.go:156.26,158.3 1 1
github.com/ingyamilmolinar/beatmo/internal/ui/drumview_cache_background.go:158.8,160.3 1 1
github.com/ingyamilmolinar/beatmo/internal/ui/drumview_cache_background.go:161.2,161.17 1 1
github.com/ingyamilmolinar/beatmo/internal/ui/drumview_cache_background.go:164.44,165.49 1 1
github.com/ingyamilmolinar/beatmo/internal/ui/drumview_cache_background.go:165.49,167.3 1 0
github.com/ingyamilmolinar/beatmo/internal/ui/drumview_cache_background.go:168.2,168.43 1 1
github.com/ingyamilmolinar/beatmo/internal/ui/drumview_cache_background.go:168.43,172.3 3 0
github.com/ingyamilmolinar/beatmo/internal/ui/drumview_cache_background.go:173.2,173.43 1 1
github.com/ingyamilmolinar/beatmo/internal/ui/drumview_cache_background.go:173.43,177.3 3 0
github.com/ingyamilmolinar/beatmo/internal/ui/drumview_cache_background.go:178.2,179.71 2 1
github.com/ingyamilmolinar/beatmo/internal/ui/drumview_cache_dirty.go:7.123,8.36 1 1
github.com/ingyamilmolinar/beatmo/internal/ui/drumview_cache_dirty.go:8.36,10.3 1 0
github.com/ingyamilmolinar/beatmo/internal/ui/drumview_cache_dirty.go:11.2,16.52 6 1
github.com/ingyamilmolinar/beatmo/internal/ui/drumview_cache_dirty.go:19.40,21.29 2 1
github.com/ingyamilmolinar/beatmo/internal/ui/drumview_cache_dirty.go:21.29,23.3 1 1
github.com/ingyamilmolinar/beatmo/internal/ui/drumview_cache_dirty.go:24.2,24.33 1 1
github.com/ingyamilmolinar/beatmo/internal/ui/drumview_cache_dirty.go:24.33,26.3 1 1
github.com/ingyamilmolinar/beatmo/internal/ui/drumview_cache_dirty.go:27.2,27.26 1 1
github.com/ingyamilmolinar/beatmo/internal/ui/drumview_cache_dirty.go:32.42,34.29 2 1
github.com/ingyamilmolinar/beatmo/internal/ui/drumview_cache_dirty.go:34.29,36.3 1 1
github.com/ingyamilmolinar/beatmo/internal/ui/drumview_cache_dirty.go:37.2,37.26 1 1
github.com/ingyamilmolinar/beatmo/internal/ui/drumview_cache_dirty.go:43.46,45.36 2 1
github.com/ingyamilmolinar/beatmo/internal/ui/drumview_cache_dirty.go:45.36,47.3 1 1
github.com/ingyamilmolinar/beatmo/internal/ui/drumview_cache_dirty.go:48.2,48.26 1 1
github.com/ingyamilmolinar/beatmo/internal/ui/drumview_cache_dirty.go:54.41,56.36 2 1
github.com/ingyamilmolinar/beatmo/internal/ui/drumview_cache_dirty.go:56.36,58.31 2 1
github.com/ingyamilmolinar/beatmo/internal/ui/drumview_cache_dirty.go:58.31,60.4 1 1
github.com/ingyamilmolinar/beatmo/internal/ui/drumview_cache_dirty.go:62.2,62.26 1 1
github.com/ingyamilmolinar/beatmo/internal/ui/drumview_cache_dirty.go:67.46,69.36 2 1
github.com/ingyamilmolinar/beatmo/internal/ui/drumview_cache_dirty.go:69.36,71.31 2 1
github.com/ingyamilmolinar/beatmo/internal/ui/drumview_cache_dirty.go:71.31,73.4 1 1
github.com/ingyamilmolinar/beatmo/internal/ui/drumview_cache_dirty.go:75.2,75.26 1 1
github.com/ingyamilmolinar/beatmo/internal/ui/drumview_cache_dirty.go:78.43,83.2 4 1
github.com/ingyamilmolinar/beatmo/internal/ui/drumview_cache_dirty.go:85.49,86.32 1 1
github.com/ingyamilmolinar/beatmo/internal/ui/drumview_cache_dirty.go:86.32,88.3 1 0
github.com/ingyamilmolinar/beatmo/internal/ui/drumview_cache_dirty.go:89.2,89.74 1 1
github.com/ingyamilmolinar/beatmo/internal/ui/drumview_cache_dirty.go:89.74,91.3 1 0
github.com/ingyamilmolinar/beatmo/internal/ui/drumview_cache_dirty.go:92.2,92.42 1 1
github.com/ingyamilmolinar/beatmo/internal/ui/drumview_cache_dirty.go:92.42,94.3 1 0
github.com/ingyamilmolinar/beatmo/internal/ui/drumview_cache_dirty.go:95.2,95.20 1 1
github.com/ingyamilmolinar/beatmo/internal/ui/drumview_cache_dirty.go:95.20,97.3 1 1
github.com/ingyamilmolinar/beatmo/internal/ui/drumview_cache_dirty.go:98.2,98.52 1 1
github.com/ingyamilmolinar/beatmo/internal/ui/drumview_cache_dirty.go:98.52,100.3 1 0
github.com/ingyamilmolinar/beatmo/internal/ui/drumview_cache_dirty.go:101.2,101.76 1 1
github.com/ingyamilmolinar/beatmo/internal/ui/drumview_cache_dirty.go:101.76,103.3 1 0
github.com/ingyamilmolinar/beatmo/internal/ui/drumview_cache_dirty.go:104.2,104.33 1 1
github.com/ingyamilmolinar/beatmo/internal/ui/drumview_cache_dirty.go:104.33,106.3 1 0
github.com/ingyamilmolinar/beatmo/internal/ui/drumview_cache_dirty.go:107.2,107.27 1 1
github.com/ingyamilmolinar/beatmo/internal/ui/drumview_cache_dirty.go:107.27,109.3 1 0
github.com/ingyamilmolinar/beatmo/internal/ui/drumview_cache_dirty.go:110.2,110.14 1 1
github.com/ingyamilmolinar/beatmo/internal/ui/drumview_cache_row_sprite.go:20.47,21.32 1 1
github.com/ingyamilmolinar/beatmo/internal/ui/drumview_cache_row_sprite.go:21.32,23.3 1 0
github.com/ingyamilmolinar/beatmo/internal/ui/drumview_cache_row_sprite.go:24.2,26.22 3 1
github.com/ingyamilmolinar/beatmo/internal/ui/drumview_cache_row_sprite.go:26.22,28.3 1 0
github.com/ingyamilmolinar/beatmo/internal/ui/drumview_cache_row_sprite.go:29.2,30.11 2 1
github.com/ingyamilmolinar/beatmo/internal/ui/drumview_cache_row_sprite.go:30.11,35.30 5 0
github.com/ingyamilmolinar/beatmo/internal/ui/drumview_cache_row_sprite.go:35.30,37.4 1 0
github.com/ingyamilmolinar/beatmo/internal/ui/drumview_cache_row_sprite.go:38.3,39.24 2 0
github.com/ingyamilmolinar/beatmo/internal/ui/drumview_cache_row_sprite.go:41.2,42.40 2 1
github.com/ingyamilmolinar/beatmo/internal/ui/drumview_cache_row_sprite.go:42.40,44.3 1 1
github.com/ingyamilmolinar/beatmo/internal/ui/drumview_cache_row_sprite.go:45.2,45.22 1 1
github.com/ingyamilmolinar/beatmo/internal/ui/drumview_cache_row_sprite.go:45.22,47.3 1 0
github.com/ingyamilmolinar/beatmo/internal/ui/drumview_cache_row_sprite.go:49.2,49.108 1 1
github.com/ingyamilmolinar/beatmo/internal/ui/drumview_cache_row_sprite.go:49.108,52.55 2 1
github.com/ingyamilmolinar/beatmo/internal/ui/drumview_cache_row_sprite.go:52.55,54.36 1 1
github.com/ingyamilmolinar/beatmo/internal/ui/drumview_cache_row_sprite.go:54.36,58.5 3 0
github.com/ingyamilmolinar/beatmo/internal/ui/drumview_cache_row_sprite.go:59.4,59.124 1 1
github.com/ingyamilmolinar/beatmo/internal/ui/drumview_cache_row_sprite.go:59.124,61.5 1 1
github.com/ingyamilmolinar/beatmo/internal/ui/drumview_cache_row_sprite.go:61.10,63.5 1 0
github.com/ingyamilmolinar/beatmo/internal/ui/drumview_cache_row_sprite.go:64.4,71.16 7 1
github.com/ingyamilmolinar/beatmo/internal/ui/drumview_cache_row_sprite.go:71.16,73.5 1 1
github.com/ingyamilmolinar/beatmo/internal/ui/drumview_cache_row_sprite.go:73.10,75.5 1 0
github.com/ingyamilmolinar/beatmo/internal/ui/drumview_cache_row_sprite.go:77.4,79.18 3 1
github.com/ingyamilmolinar/beatmo/internal/ui/drumview_cache_row_sprite.go:79.18,81.5 1 0
github.com/ingyamilmolinar/beatmo/internal/ui/drumview_cache_row_sprite.go:82.4,82.16 1 1
github.com/ingyamilmolinar/beatmo/internal/ui/drumview_cache_row_sprite.go:82.16,84.5 1 0
github.com/ingyamilmolinar/beatmo/internal/ui/drumview_cache_row_sprite.go:85.4,85.21 1 1
github.com/ingyamilmolinar/beatmo/internal/ui/drumview_cache_row_sprite.go:85.21,87.5 1 0
github.com/ingyamilmolinar/beatmo/internal/ui/drumview_cache_row_sprite.go:88.4,88.37 1 1
github.com/ingyamilmolinar/beatmo/internal/ui/drumview_cache_row_sprite.go:88.37,88.100 1 1
github.com/ingyamilmolinar/beatmo/internal/ui/drumview_cache_row_sprite.go:89.4,90.35 2 1
github.com/ingyamilmolinar/beatmo/internal/ui/drumview_cache_row_sprite.go:90.35,94.17 4 1
github.com/ingyamilmolinar/beatmo/internal/ui/drumview_cache_row_sprite.go:94.17,96.6 1 0
github.com/ingyamilmolinar/beatmo/internal/ui/drumview_cache_row_sprite.go:97.5,97.33 1 1
github.com/ingyamilmolinar/beatmo/internal/ui/drumview_cache_row_sprite.go:97.33,98.14 1 0
github.com/ingyamilmolinar/beatmo/internal/ui/drumview_cache_row_sprite.go:100.5,102.38 3 1
github.com/ingyamilmolinar/beatmo/internal/ui/drumview_cache_row_sprite.go:102.38,104.6 1 1
github.com/ingyamilmolinar/beatmo/internal/ui/drumview_cache_row_sprite.go:105.5,106.39 2 1
github.com/ingyamilmolinar/beatmo/internal/ui/drumview_cache_row_sprite.go:106.39,108.6 1 0
github.com/ingyamilmolinar/beatmo/internal/ui/drumview_cache_row_sprite.go:109.5,109.54 1 1
github.com/ingyamilmolinar/beatmo/internal/ui/drumview_cache_row_sprite.go:111.4,115.31 5 1
github.com/ingyamilmolinar/beatmo/internal/ui/drumview_cache_row_sprite.go:115.31,117.5 1 1
github.com/ingyamilmolinar/beatmo/internal/ui/drumview_cache_row_sprite.go:118.4,121.25 3 1
github.com/ingyamilmolinar/beatmo/internal/ui/drumview_cache_row_sprite.go:125.2,125.129 1 1
github.com/ingyamilmolinar/beatmo/internal/ui/drumview_cache_row_sprite.go:125.129,126.71 1 1
github.com/ingyamilmolinar/beatmo/internal/ui/drumview_cache_row_sprite.go:126.71,129.50 3 1
github.com/ingyamilmolinar/beatmo/internal/ui/drumview_cache_row_sprite.go:129.50,131.28 2 1
github.com/ingyamilmolinar/beatmo/internal/ui/drumview_cache_row_sprite.go:131.28,134.39 3 1
github.com/ingyamilmolinar/beatmo/internal/ui/drumview_cache_row_sprite.go:134.39,136.7 1 1
github.com/ingyamilmolinar/beatmo/internal/ui/drumview_cache_row_sprite.go:137.6,137.53 1 1
github.com/ingyamilmolinar/beatmo/internal/ui/drumview_cache_row_sprite.go:137.53,139.7 1 1
github.com/ingyamilmolinar/beatmo/internal/ui/drumview_cache_row_sprite.go:141.5,141.17 1 1
github.com/ingyamilmolinar/beatmo/internal/ui/drumview_cache_row_sprite.go:141.17,143.39 2 1
github.com/ingyamilmolinar/beatmo/internal/ui/drumview_cache_row_sprite.go:143.39,143.102 1 1
github.com/ingyamilmolinar/beatmo/internal/ui/drumview_cache_row_sprite.go:144.6,144.29 1 1
github.com/ingyamilmolinar/beatmo/internal/ui/drumview_cache_row_sprite.go:144.29,147.40 3 1
github.com/ingyamilmolinar/beatmo/internal/ui/drumview_cache_row_sprite.go:147.40,149.8 1 1
github.com/ingyamilmolinar/beatmo/internal/ui/drumview_cache_row_sprite.go:150.7,150.54 1 1
github.com/ingyamilmolinar/beatmo/internal/ui/drumview_cache_row_sprite.go:150.54,151.16 1 1
github.com/ingyamilmolinar/beatmo/internal/ui/drumview_cache_row_sprite.go:153.7,155.19 3 1
github.com/ingyamilmolinar/beatmo/internal/ui/drumview_cache_row_sprite.go:155.19,157.8 1 0
github.com/ingyamilmolinar/beatmo/internal/ui/drumview_cache_row_sprite.go:158.7,160.36 3 1
github.com/ingyamilmolinar/beatmo/internal/ui/drumview_cache_row_sprite.go:160.36,162.8 1 0
github.com/ingyamilmolinar/beatmo/internal/ui/drumview_cache_row_sprite.go:163.7,163.66 1 1
github.com/ingyamilmolinar/beatmo/internal/ui/drumview_cache_row_sprite.go:165.6,168.33 4 1
github.com/ingyamilmolinar/beatmo/internal/ui/drumview_cache_row_sprite.go:168.33,170.7 1 1
github.com/ingyamilmolinar/beatmo/internal/ui/drumview_cache_row_sprite.go:171.6,173.28 3 1
github.com/ingyamilmolinar/beatmo/internal/ui/drumview_cache_row_sprite.go:178.2,179.69 2 1
github.com/ingyamilmolinar/beatmo/internal/ui/drumview_cache_row_sprite.go:179.69,182.3 2 1
github.com/ingyamilmolinar/beatmo/internal/ui/drumview_cache_row_sprite.go:182.8,184.3 1 1
github.com/ingyamilmolinar/beatmo/internal/ui/drumview_cache_row_sprite.go:186.2,186.14 1 1
github.com/ingyamilmolinar/beatmo/internal/ui/drumview_cache_row_sprite.go:186.14,188.3 1 1
github.com/ingyamilmolinar/beatmo/internal/ui/drumview_cache_row_sprite.go:188.8,190.3 1 1
github.com/ingyamilmolinar/beatmo/internal/ui/drumview_cache_row_sprite.go:191.2,191.12 1 1
github.com/ingyamilmolinar/beatmo/internal/ui/drumview_cache_row_sprite.go:191.12,194.36 2 1
github.com/ingyamilmolinar/beatmo/internal/ui/drumview_cache_row_sprite.go:194.36,194.99 1 1
github.com/ingyamilmolinar/beatmo/internal/ui/drumview_cache_row_sprite.go:195.3,195.26 1 1
github.com/ingyamilmolinar/beatmo/internal/ui/drumview_cache_row_sprite.go:195.26,199.16 4 1
github.com/ingyamilmolinar/beatmo/internal/ui/drumview_cache_row_sprite.go:199.16,201.5 1 0
github.com/ingyamilmolinar/beatmo/internal/ui/drumview_cache_row_sprite.go:202.4,204.37 3 1
github.com/ingyamilmolinar/beatmo/internal/ui/drumview_cache_row_sprite.go:204.37,206.5 1 1
github.com/ingyamilmolinar/beatmo/internal/ui/drumview_cache_row_sprite.go:207.4,208.38 2 1
github.com/ingyamilmolinar/beatmo/internal/ui/drumview_cache_row_sprite.go:208.38,210.5 1 1
github.com/ingyamilmolinar/beatmo/internal/ui/drumview_cache_row_sprite.go:211.4,211.50 1 1
github.com/ingyamilmolinar/beatmo/internal/ui/drumview_cache_row_sprite.go:217.2,217.20 1 1
github.com/ingyamilmolinar/beatmo/internal/ui/drumview_cache_row_sprite.go:217.20,219.15 2 1
github.com/ingyamilmolinar/beatmo/internal/ui/drumview_cache_row_sprite.go:219.15,221.4 1 0
github.com/ingyamilmolinar/beatmo/internal/ui/drumview_cache_row_sprite.go:222.3,223.33 2 1
github.com/ingyamilmolinar/beatmo/internal/ui/drumview_cache_row_sprite.go:223.33,225.18 2 1
github.com/ingyamilmolinar/beatmo/internal/ui/drumview_cache_row_sprite.go:225.18,228.5 2 1
github.com/ingyamilmolinar/beatmo/internal/ui/drumview_cache_row_sprite.go:231.2,235.29 5 1
github.com/ingyamilmolinar/beatmo/internal/ui/drumview_cache_row_sprite.go:235.29,237.3 1 1
github.com/ingyamilmolinar/beatmo/internal/ui/drumview_cache_row_sprite.go:238.2,238.29 1 1
github.com/ingyamilmolinar/beatmo/internal/ui/drumview_cache_row_sprite.go:238.29,240.3 1 1
github.com/ingyamilmolinar/beatmo/internal/ui/drumview_cache_row_sprite.go:241.2,242.26 2 1
github.com/ingyamilmolinar/beatmo/internal/ui/drumview_cache_row_sprite.go:242.26,244.3 1 1
github.com/ingyamilmolinar/beatmo/internal/ui/drumview_cache_row_sprite.go:245.2,245.28 1 1
github.com/ingyamilmolinar/beatmo/internal/ui/drumview_cache_row_sprite.go:245.28,247.3 1 1
github.com/ingyamilmolinar/beatmo/internal/ui/drumview_cache_row_sprite.go:248.2,249.23 2 1
github.com/ingyamilmolinar/beatmo/internal/ui/drumview_cache_row_sprite.go:255.49,256.64 1 1
github.com/ingyamilmolinar/beatmo/internal/ui/drumview_cache_row_sprite.go:256.64,258.3 1 0
github.com/ingyamilmolinar/beatmo/internal/ui/drumview_cache_row_sprite.go:259.2,259.54 1 1
github.com/ingyamilmolinar/beatmo/internal/ui/drumview_cache_row_sprite.go:259.54,261.3 1 0
github.com/ingyamilmolinar/beatmo/internal/ui/drumview_cache_row_sprite.go:263.2,264.49 2 1
github.com/ingyamilmolinar/beatmo/internal/ui/drumview_cache_row_sprite.go:264.49,266.3 1 0
github.com/ingyamilmolinar/beatmo/internal/ui/drumview_cache_row_sprite.go:268.2,269.36 2 1
github.com/ingyamilmolinar/beatmo/internal/ui/drumview_cache_row_sprite.go:269.36,271.3 1 0
github.com/ingyamilmolinar/beatmo/internal/ui/drumview_cache_row_sprite.go:272.2,272.17 1 1
github.com/ingyamilmolinar/beatmo/internal/ui/drumview_cache_row_sprite.go:272.17,274.3 1 0
github.com/ingyamilmolinar/beatmo/internal/ui/drumview_cache_row_sprite.go:276.2,276.41 1 1
github.com/ingyamilmolinar/beatmo/internal/ui/drumview_cache_row_sprite.go:276.41,277.56 1 1
github.com/ingyamilmolinar/beatmo/internal/ui/drumview_cache_row_sprite.go:277.56,279.18 2 0
github.com/ingyamilmolinar/beatmo/internal/ui/drumview_cache_row_sprite.go:279.18,281.5 1 0
github.com/ingyamilmolinar/beatmo/internal/ui/drumview_cache_row_sprite.go:282.4,282.48 1 0
github.com/ingyamilmolinar/beatmo/internal/ui/drumview_cache_row_sprite.go:282.48,284.19 2 0
github.com/ingyamilmolinar/beatmo/internal/ui/drumview_cache_row_sprite.go:284.19,285.14 1 0
github.com/ingyamilmolinar/beatmo/internal/ui/drumview_cache_row_sprite.go:287.5,289.39 3 0
github.com/ingyamilmolinar/beatmo/internal/ui/drumview_cache_row_sprite.go:289.39,292.62 3 0
github.com/ingyamilmolinar/beatmo/internal/ui/drumview_cache_row_sprite.go:292.62,295.7 2 0
github.com/ingyamilmolinar/beatmo/internal/ui/drumview_cache_row_sprite.go:298.4,298.12 1 0
github.com/ingyamilmolinar/beatmo/internal/ui/drumview_cache_row_sprite.go:300.3,300.26 1 1
github.com/ingyamilmolinar/beatmo/internal/ui/drumview_cache_row_sprite.go:300.26,303.70 3 1
github.com/ingyamilmolinar/beatmo/internal/ui/drumview_cache_row_sprite.go:303.70,306.5 2 1
github.com/ingyamilmolinar/beatmo/internal/ui/drumview_cache_row_sprite.go:308.3,308.11 1 0
github.com/ingyamilmolinar/beatmo/internal/ui/drumview_cache_row_sprite.go:310.2,310.31 1 1
github.com/ingyamilmolinar/beatmo/internal/ui/drumview_cache_row_sprite.go:310.31,313.26 2 1
github.com/ingyamilmolinar/beatmo/internal/ui/drumview_cache_row_sprite.go:313.26,315.4 1 1
github.com/ingyamilmolinar/beatmo/internal/ui/drumview_cache_row_sprite.go:317.2,317.14 1 0
github.com/ingyamilmolinar/beatmo/internal/ui/drumview_cache_rows_layer.go:13.45,16.22 3 1
github.com/ingyamilmolinar/beatmo/internal/ui/drumview_cache_rows_layer.go:16.22,18.3 1 0
github.com/ingyamilmolinar/beatmo/internal/ui/drumview_cache_rows_layer.go:19.2,26.35 8 1
github.com/ingyamilmolinar/beatmo/internal/ui/drumview_cache_rows_layer.go:26.35,28.3 1 1
github.com/ingyamilmolinar/beatmo/internal/ui/drumview_cache_rows_layer.go:32.2,32.30 1 1
github.com/ingyamilmolinar/beatmo/internal/ui/drumview_cache_rows_layer.go:32.30,33.48 1 0
github.com/ingyamilmolinar/beatmo/internal/ui/drumview_cache_rows_layer.go:33.48,34.25 1 0
github.com/ingyamilmolinar/beatmo/internal/ui/drumview_cache_rows_layer.go:34.25,36.36 2 0
github.com/ingyamilmolinar/beatmo/internal/ui/drumview_cache_rows_layer.go:36.36,40.21 3 0
github.com/ingyamilmolinar/beatmo/internal/ui/drumview_cache_rows_layer.go:40.21,42.7 1 0
github.com/ingyamilmolinar/beatmo/internal/ui/drumview_cache_rows_layer.go:43.6,43.33 1 0
github.com/ingyamilmolinar/beatmo/internal/ui/drumview_cache_rows_layer.go:43.33,46.7 2 0
github.com/ingyamilmolinar/beatmo/internal/ui/drumview_cache_rows_layer.go:47.6,48.36 2 0
github.com/ingyamilmolinar/beatmo/internal/ui/drumview_cache_rows_layer.go:50.10,53.95 2 0
github.com/ingyamilmolinar/beatmo/internal/ui/drumview_cache_rows_layer.go:53.95,55.51 2 0
github.com/ingyamilmolinar/beatmo/internal/ui/drumview_cache_rows_layer.go:55.51,57.7 1 0
github.com/ingyamilmolinar/beatmo/internal/ui/drumview_cache_rows_layer.go:58.6,59.36 2 0
github.com/ingyamilmolinar/beatmo/internal/ui/drumview_cache_rows_layer.go:66.2,72.71 6 1
github.com/ingyamilmolinar/beatmo/internal/ui/drumview_cache_rows_layer.go:72.71,73.28 1 1
github.com/ingyamilmolinar/beatmo/internal/ui/drumview_cache_rows_layer.go:73.28,75.28 2 1
github.com/ingyamilmolinar/beatmo/internal/ui/drumview_cache_rows_layer.go:75.28,77.5 1 1
github.com/ingyamilmolinar/beatmo/internal/ui/drumview_cache_rows_layer.go:78.4,78.32 1 1
github.com/ingyamilmolinar/beatmo/internal/ui/drumview_cache_rows_layer.go:78.32,80.5 1 1
github.com/ingyamilmolinar/beatmo/internal/ui/drumview_cache_rows_layer.go:81.4,82.31 2 1
github.com/ingyamilmolinar/beatmo/internal/ui/drumview_cache_rows_layer.go:82.31,84.5 1 1
github.com/ingyamilmolinar/beatmo/internal/ui/drumview_cache_rows_layer.go:90.2,90.81 1 1
github.com/ingyamilmolinar/beatmo/internal/ui/drumview_cache_rows_layer.go:90.81,91.72 1 0
github.com/ingyamilmolinar/beatmo/internal/ui/drumview_cache_rows_layer.go:91.72,92.63 1 0
github.com/ingyamilmolinar/beatmo/internal/ui/drumview_cache_rows_layer.go:92.63,93.13 1 0
github.com/ingyamilmolinar/beatmo/internal/ui/drumview_cache_rows_layer.go:95.4,98.47 4 0
github.com/ingyamilmolinar/beatmo/internal/ui/drumview_cache_rows_layer.go:100.3,104.9 5 0
github.com/ingyamilmolinar/beatmo/internal/ui/drumview_cache_rows_layer.go:106.2,106.31 1 1
github.com/ingyamilmolinar/beatmo/internal/ui/drumview_cache_rows_layer.go:106.31,108.3 1 1
github.com/ingyamilmolinar/beatmo/internal/ui/drumview_cache_rows_layer.go:109.2,109.30 1 1
github.com/ingyamilmolinar/beatmo/internal/ui/drumview_cache_rows_layer.go:109.30,110.23 1 1
github.com/ingyamilmolinar/beatmo/internal/ui/drumview_cache_rows_layer.go:110.23,113.4 2 0
github.com/ingyamilmolinar/beatmo/internal/ui/drumview_cache_rows_layer.go:114.3,114.9 1 1
github.com/ingyamilmolinar/beatmo/internal/ui/drumview_cache_rows_layer.go:116.2,116.16 1 1
github.com/ingyamilmolinar/beatmo/internal/ui/drumview_cache_rows_layer.go:116.16,117.117 1 1
github.com/ingyamilmolinar/beatmo/internal/ui/drumview_cache_rows_layer.go:117.117,119.4 1 1
github.com/ingyamilmolinar/beatmo/internal/ui/drumview_cache_rows_layer.go:119.9,121.4 1 0
github.com/ingyamilmolinar/beatmo/internal/ui/drumview_cache_rows_layer.go:122.3,128.15 7 1
github.com/ingyamilmolinar/beatmo/internal/ui/drumview_cache_rows_layer.go:128.15,130.4 1 1
github.com/ingyamilmolinar/beatmo/internal/ui/drumview_cache_rows_layer.go:130.9,132.4 1 0
github.com/ingyamilmolinar/beatmo/internal/ui/drumview_cache_rows_layer.go:133.3,133.24 1 1
github.com/ingyamilmolinar/beatmo/internal/ui/drumview_cache_rows_layer.go:133.24,135.4 1 0
github.com/ingyamilmolinar/beatmo/internal/ui/drumview_cache_rows_layer.go:136.3,136.31 1 1
github.com/ingyamilmolinar/beatmo/internal/ui/drumview_cache_rows_layer.go:136.31,138.4 1 0
github.com/ingyamilmolinar/beatmo/internal/ui/drumview_cache_rows_layer.go:139.3,139.26 1 1
github.com/ingyamilmolinar/beatmo/internal/ui/drumview_cache_rows_layer.go:139.26,142.73 3 1
github.com/ingyamilmolinar/beatmo/internal/ui/drumview_cache_rows_layer.go:142.73,143.64 1 1
github.com/ingyamilmolinar/beatmo/internal/ui/drumview_cache_rows_layer.go:143.64,144.14 1 0
github.com/ingyamilmolinar/beatmo/internal/ui/drumview_cache_rows_layer.go:146.5,148.19 3 1
github.com/ingyamilmolinar/beatmo/internal/ui/drumview_cache_rows_layer.go:148.19,150.6 1 0
github.com/ingyamilmolinar/beatmo/internal/ui/drumview_cache_rows_layer.go:151.5,153.23 3 1
github.com/ingyamilmolinar/beatmo/internal/ui/drumview_cache_rows_layer.go:153.23,155.6 1 0
github.com/ingyamilmolinar/beatmo/internal/ui/drumview_cache_rows_layer.go:156.5,156.25 1 1
github.com/ingyamilmolinar/beatmo/internal/ui/drumview_cache_rows_layer.go:156.25,158.6 1 0
github.com/ingyamilmolinar/beatmo/internal/ui/drumview_cache_rows_layer.go:159.5,159.31 1 1
github.com/ingyamilmolinar/beatmo/internal/ui/drumview_cache_rows_layer.go:159.31,160.14 1 0
github.com/ingyamilmolinar/beatmo/internal/ui/drumview_cache_rows_layer.go:162.5,169.38 8 1
github.com/ingyamilmolinar/beatmo/internal/ui/drumview_cache_rows_layer.go:169.38,171.18 2 0
github.com/ingyamilmolinar/beatmo/internal/ui/drumview_cache_rows_layer.go:171.18,173.7 1 0
github.com/ingyamilmolinar/beatmo/internal/ui/drumview_cache_rows_layer.go:174.6,176.40 3 0
github.com/ingyamilmolinar/beatmo/internal/ui/drumview_cache_rows_layer.go:176.40,178.40 2 0
github.com/ingyamilmolinar/beatmo/internal/ui/drumview_cache_rows_layer.go:178.40,179.16 1 0
github.com/ingyamilmolinar/beatmo/internal/ui/drumview_cache_rows_layer.go:181.7,181.21 1 0
github.com/ingyamilmolinar/beatmo/internal/ui/drumview_cache_rows_layer.go:181.21,184.8 2 0
github.com/ingyamilmolinar/beatmo/internal/ui/drumview_cache_rows_layer.go:189.3,197.9 9 1
github.com/ingyamilmolinar/beatmo/internal/ui/drumview_cache_rows_layer.go:199.2,200.69 2 1
github.com/ingyamilmolinar/beatmo/internal/ui/drumview_cache_rows_layer.go:200.69,203.3 2 1
github.com/ingyamilmolinar/beatmo/internal/ui/drumview_cache_rows_layer.go:203.8,205.3 1 1
github.com/ingyamilmolinar/beatmo/internal/ui/drumview_cache_rows_layer.go:207.2,207.71 1 1
github.com/ingyamilmolinar/beatmo/internal/ui/drumview_cache_rows_layer.go:207.71,208.62 1 1
github.com/ingyamilmolinar/beatmo/internal/ui/drumview_cache_rows_layer.go:208.62,209.12 1 0
github.com/ingyamilmolinar/beatmo/internal/ui/drumview_cache_rows_layer.go:211.3,218.36 8 1
github.com/ingyamilmolinar/beatmo/internal/ui/drumview_cache_rows_layer.go:218.36,220.16 2 1
github.com/ingyamilmolinar/beatmo/internal/ui/drumview_cache_rows_layer.go:220.16,222.5 1 0
github.com/ingyamilmolinar/beatmo/internal/ui/drumview_cache_rows_layer.go:223.4,225.38 3 1
github.com/ingyamilmolinar/beatmo/internal/ui/drumview_cache_rows_layer.go:225.38,227.19 2 1
github.com/ingyamilmolinar/beatmo/internal/ui/drumview_cache_rows_layer.go:227.19,230.6 2 1
github.com/ingyamilmolinar/beatmo/internal/ui/drumview_cache_rows_layer.go:234.2,241.30 8 1
github.com/ingyamilmolinar/beatmo/internal/ui/drumview_cache_rows_stripes.go:14.52,15.29 1 1
github.com/ingyamilmolinar/beatmo/internal/ui/drumview_cache_rows_stripes.go:15.29,17.3 1 0
github.com/ingyamilmolinar/beatmo/internal/ui/drumview_cache_rows_stripes.go:18.2,18.30 1 1
github.com/ingyamilmolinar/beatmo/internal/ui/drumview_cache_rows_stripes.go:18.30,20.3 1 1
github.com/ingyamilmolinar/beatmo/internal/ui/drumview_cache_rows_stripes.go:21.2,23.22 3 0
github.com/ingyamilmolinar/beatmo/internal/ui/drumview_cache_rows_stripes.go:23.22,25.3 1 0
github.com/ingyamilmolinar/beatmo/internal/ui/drumview_cache_rows_stripes.go:28.2,31.71 2 0
github.com/ingyamilmolinar/beatmo/internal/ui/drumview_cache_rows_stripes.go:31.71,34.29 2 0
github.com/ingyamilmolinar/beatmo/internal/ui/drumview_cache_rows_stripes.go:34.29,35.121 1 0
github.com/ingyamilmolinar/beatmo/internal/ui/drumview_cache_rows_stripes.go:35.121,37.10 2 0
github.com/ingyamilmolinar/beatmo/internal/ui/drumview_cache_rows_stripes.go:40.3,40.12 1 0
github.com/ingyamilmolinar/beatmo/internal/ui/drumview_cache_rows_stripes.go:40.12,43.4 2 0
github.com/ingyamilmolinar/beatmo/internal/ui/drumview_cache_rows_stripes.go:46.2,49.37 4 0
github.com/ingyamilmolinar/beatmo/internal/ui/drumview_cache_rows_stripes.go:49.37,51.3 1 0
github.com/ingyamilmolinar/beatmo/internal/ui/drumview_cache_rows_stripes.go:54.2,54.35 1 0
github.com/ingyamilmolinar/beatmo/internal/ui/drumview_cache_rows_stripes.go:54.35,56.3 1 0
github.com/ingyamilmolinar/beatmo/internal/ui/drumview_cache_rows_stripes.go:58.2,59.42 2 0
github.com/ingyamilmolinar/beatmo/internal/ui/drumview_cache_rows_stripes.go:59.42,61.22 2 0
github.com/ingyamilmolinar/beatmo/internal/ui/drumview_cache_rows_stripes.go:61.22,63.4 1 0
github.com/ingyamilmolinar/beatmo/internal/ui/drumview_cache_rows_stripes.go:64.3,64.39 1 0
github.com/ingyamilmolinar/beatmo/internal/ui/drumview_cache_rows_stripes.go:64.39,66.4 1 0
github.com/ingyamilmolinar/beatmo/internal/ui/drumview_cache_rows_stripes.go:68.2,68.38 1 0
github.com/ingyamilmolinar/beatmo/internal/ui/drumview_cache_rows_stripes.go:68.38,70.3 1 0
github.com/ingyamilmolinar/beatmo/internal/ui/drumview_cache_rows_stripes.go:71.2,71.21 1 0
github.com/ingyamilmolinar/beatmo/internal/ui/drumview_cache_rows_stripes.go:71.21,73.3 1 0
github.com/ingyamilmolinar/beatmo/internal/ui/drumview_cache_rows_stripes.go:74.2,74.39 1 0
github.com/ingyamilmolinar/beatmo/internal/ui/drumview_cache_rows_stripes.go:74.39,82.3 7 0
github.com/ingyamilmolinar/beatmo/internal/ui/drumview_cache_rows_stripes.go:84.2,86.71 3 0
github.com/ingyamilmolinar/beatmo/internal/ui/drumview_cache_rows_stripes.go:86.71,87.12 1 0
github.com/ingyamilmolinar/beatmo/internal/ui/drumview_cache_rows_stripes.go:87.12,88.12 1 0
[...]
github.com/ingyamilmolinar/beatmo/internal/ui/transport_zone.go:1227.26,1232.3 4 1
github.com/ingyamilmolinar/beatmo/internal/ui/transport_zone.go:1242.68,1242.91 1 1
github.com/ingyamilmolinar/beatmo/internal/ui/transport_zone.go:1243.69,1243.70 0 1
github.com/ingyamilmolinar/beatmo/internal/ui/transport_zone.go:1244.69,1244.70 0 1
github.com/ingyamilmolinar/beatmo/internal/ui/transport_zone.go:1245.68,1245.91 1 1
github.com/ingyamilmolinar/beatmo/internal/ui/uigrid.go:17.60,18.38 1 1
github.com/ingyamilmolinar/beatmo/internal/ui/uigrid.go:18.38,20.3 1 1
github.com/ingyamilmolinar/beatmo/internal/ui/uigrid.go:21.2,21.71 1 1
github.com/ingyamilmolinar/beatmo/internal/ui/uigrid.go:27.52,28.15 1 1
github.com/ingyamilmolinar/beatmo/internal/ui/uigrid.go:28.15,30.3 1 1
github.com/ingyamilmolinar/beatmo/internal/ui/uigrid.go:31.2,31.29 1 1
github.com/ingyamilmolinar/beatmo/internal/ui/uigrid.go:31.29,33.3 1 1
github.com/ingyamilmolinar/beatmo/internal/ui/uigrid.go:34.2,36.60 3 1
github.com/ingyamilmolinar/beatmo/internal/ui/uigrid.go:36.60,38.35 2 1
github.com/ingyamilmolinar/beatmo/internal/ui/uigrid.go:38.35,40.4 1 1
github.com/ingyamilmolinar/beatmo/internal/ui/uigrid.go:42.2,42.17 1 1
github.com/ingyamilmolinar/beatmo/internal/ui/uigrid.go:90.35,90.72 1 1
github.com/ingyamilmolinar/beatmo/internal/ui/uigrid.go:93.73,95.2 1 1
github.com/ingyamilmolinar/beatmo/internal/ui/uigrid.go:98.41,98.55 1 1
github.com/ingyamilmolinar/beatmo/internal/ui/uigrid.go:101.45,101.56 1 1
github.com/ingyamilmolinar/beatmo/internal/ui/uigrid.go:104.42,105.20 1 1
github.com/ingyamilmolinar/beatmo/internal/ui/uigrid.go:105.20,107.3 1 1
github.com/ingyamilmolinar/beatmo/internal/ui/uigrid.go:111.2,111.18 1 1
github.com/ingyamilmolinar/beatmo/internal/ui/uigrid.go:111.18,113.17 2 1
github.com/ingyamilmolinar/beatmo/internal/ui/uigrid.go:113.17,115.4 1 1
github.com/ingyamilmolinar/beatmo/internal/ui/uigrid.go:117.3,126.28 7 1
github.com/ingyamilmolinar/beatmo/internal/ui/uigrid.go:126.28,128.4 1 0
github.com/ingyamilmolinar/beatmo/internal/ui/uigrid.go:130.3,133.26 4 1
github.com/ingyamilmolinar/beatmo/internal/ui/uigrid.go:136.2,136.18 1 1
github.com/ingyamilmolinar/beatmo/internal/ui/uigrid.go:136.18,138.17 2 1
github.com/ingyamilmolinar/beatmo/internal/ui/uigrid.go:138.17,140.4 1 1
github.com/ingyamilmolinar/beatmo/internal/ui/uigrid.go:142.3,143.21 2 1
github.com/ingyamilmolinar/beatmo/internal/ui/uigrid.go:143.21,145.4 1 1
github.com/ingyamilmolinar/beatmo/internal/ui/uigrid.go:146.3,147.14 2 1
github.com/ingyamilmolinar/beatmo/internal/ui/uigrid.go:147.14,149.4 1 1
github.com/ingyamilmolinar/beatmo/internal/ui/uigrid.go:150.3,151.17 2 1
github.com/ingyamilmolinar/beatmo/internal/ui/uigrid.go:152.15,153.31 1 1
github.com/ingyamilmolinar/beatmo/internal/ui/uigrid.go:154.16,155.32 1 1
github.com/ingyamilmolinar/beatmo/internal/ui/uigrid.go:156.15,157.31 1 1
github.com/ingyamilmolinar/beatmo/internal/ui/uigrid.go:158.17,159.33 1 1
github.com/ingyamilmolinar/beatmo/internal/ui/uigrid.go:160.15,161.31 1 1
github.com/ingyamilmolinar/beatmo/internal/ui/uigrid.go:162.16,163.32 1 1
github.com/ingyamilmolinar/beatmo/internal/ui/uigrid.go:164.19,165.35 1 1
github.com/ingyamilmolinar/beatmo/internal/ui/uigrid.go:166.15,167.31 1 1
github.com/ingyamilmolinar/beatmo/internal/ui/uigrid.go:168.16,169.32 1 1
github.com/ingyamilmolinar/beatmo/internal/ui/uigrid.go:170.15,171.31 1 0
github.com/ingyamilmolinar/beatmo/internal/ui/uigrid.go:172.16,173.32 1 1
github.com/ingyamilmolinar/beatmo/internal/ui/uigrid.go:174.21,175.36 1 0
github.com/ingyamilmolinar/beatmo/internal/ui/uigrid.go:176.23,177.38 1 0
github.com/ingyamilmolinar/beatmo/internal/ui/uigrid.go:178.16,179.32 1 1
github.com/ingyamilmolinar/beatmo/internal/ui/uigrid.go:180.20,181.35 1 1
github.com/ingyamilmolinar/beatmo/internal/ui/uigrid.go:182.17,183.33 1 1
github.com/ingyamilmolinar/beatmo/internal/ui/uigrid.go:184.17,185.33 1 1
github.com/ingyamilmolinar/beatmo/internal/ui/uigrid.go:186.17,187.33 1 1
github.com/ingyamilmolinar/beatmo/internal/ui/uigrid.go:197.110,202.33 4 0
github.com/ingyamilmolinar/beatmo/internal/ui/uigrid.go:202.33,204.3 1 0
github.com/ingyamilmolinar/beatmo/internal/ui/uigrid.go:205.2,206.23 2 0
github.com/ingyamilmolinar/beatmo/internal/ui/uigrid.go:206.23,208.15 2 0
github.com/ingyamilmolinar/beatmo/internal/ui/uigrid.go:208.15,214.4 5 0
github.com/ingyamilmolinar/beatmo/internal/ui/uigrid.go:215.3,215.13 1 0
github.com/ingyamilmolinar/beatmo/internal/ui/uigrid.go:224.45,226.16 2 1
github.com/ingyamilmolinar/beatmo/internal/ui/uigrid.go:226.16,228.3 1 1
github.com/ingyamilmolinar/beatmo/internal/ui/uigrid.go:229.2,234.50 6 1
github.com/ingyamilmolinar/beatmo/internal/ui/uigrid.go:241.74,242.32 1 1
github.com/ingyamilmolinar/beatmo/internal/ui/uigrid.go:242.32,243.15 1 1
github.com/ingyamilmolinar/beatmo/internal/ui/uigrid.go:243.15,245.4 1 1
github.com/ingyamilmolinar/beatmo/internal/ui/uigrid.go:246.3,248.22 3 1
github.com/ingyamilmolinar/beatmo/internal/ui/uigrid.go:252.2,253.70 2 1
github.com/ingyamilmolinar/beatmo/internal/ui/uigrid.go:253.70,255.31 1 1
github.com/ingyamilmolinar/beatmo/internal/ui/uigrid.go:255.31,259.4 3 1
github.com/ingyamilmolinar/beatmo/internal/ui/uigrid.go:260.3,260.31 1 1
github.com/ingyamilmolinar/beatmo/internal/ui/uigrid.go:260.31,264.4 3 1
github.com/ingyamilmolinar/beatmo/internal/ui/uigrid.go:266.2,268.23 3 1
github.com/ingyamilmolinar/beatmo/internal/ui/uigrid.go:268.23,270.18 2 1
github.com/ingyamilmolinar/beatmo/internal/ui/uigrid.go:270.18,271.24 1 1
github.com/ingyamilmolinar/beatmo/internal/ui/uigrid.go:271.24,273.5 1 1
github.com/ingyamilmolinar/beatmo/internal/ui/uigrid.go:274.4,274.24 1 1
github.com/ingyamilmolinar/beatmo/internal/ui/uigrid.go:274.24,276.5 1 1
github.com/ingyamilmolinar/beatmo/internal/ui/uigrid.go:277.9,277.40 1 1
github.com/ingyamilmolinar/beatmo/internal/ui/uigrid.go:277.40,278.24 1 1
github.com/ingyamilmolinar/beatmo/internal/ui/uigrid.go:278.24,280.5 1 1
github.com/ingyamilmolinar/beatmo/internal/ui/uigrid.go:282.3,283.23 2 1
github.com/ingyamilmolinar/beatmo/internal/ui/uigrid.go:285.2,287.21 3 1
github.com/ingyamilmolinar/beatmo/internal/ui/uigrid.go:293.56,295.2 1 1
github.com/ingyamilmolinar/beatmo/internal/ui/uigrid.go:297.36,299.13 2 1
github.com/ingyamilmolinar/beatmo/internal/ui/uigrid.go:299.13,301.3 1 1
github.com/ingyamilmolinar/beatmo/internal/ui/uigrid.go:302.2,304.15 3 1
github.com/ingyamilmolinar/beatmo/internal/ui/uigrid.go:304.15,306.3 1 0
github.com/ingyamilmolinar/beatmo/internal/ui/uigrid.go:307.2,308.27 2 1
github.com/ingyamilmolinar/beatmo/internal/ui/uigrid.go:321.73,325.2 3 1
github.com/ingyamilmolinar/beatmo/internal/ui/uigrid.go:327.31,329.33 2 1
github.com/ingyamilmolinar/beatmo/internal/ui/uigrid.go:329.33,331.3 1 1
github.com/ingyamilmolinar/beatmo/internal/ui/uigrid.go:332.2,333.33 2 1
github.com/ingyamilmolinar/beatmo/internal/ui/uigrid.go:333.33,335.3 1 1
github.com/ingyamilmolinar/beatmo/internal/ui/uigrid.go:339.2,341.33 3 1
github.com/ingyamilmolinar/beatmo/internal/ui/uigrid.go:341.33,344.3 2 1
github.com/ingyamilmolinar/beatmo/internal/ui/uigrid.go:345.2,349.33 4 1
github.com/ingyamilmolinar/beatmo/internal/ui/uigrid.go:349.33,352.3 2 1
github.com/ingyamilmolinar/beatmo/internal/ui/uigrid.go:353.2,353.46 1 1
github.com/ingyamilmolinar/beatmo/internal/ui/uigrid.go:357.57,359.2 1 1
github.com/ingyamilmolinar/beatmo/internal/ui/uigrid.go:363.78,365.2 1 1
github.com/ingyamilmolinar/beatmo/internal/ui/uigrid.go:382.91,388.2 1 1
github.com/ingyamilmolinar/beatmo/internal/ui/uigrid.go:391.92,402.2 3 1
github.com/ingyamilmolinar/beatmo/internal/ui/uigrid.go:405.48,406.16 1 1
github.com/ingyamilmolinar/beatmo/internal/ui/uigrid.go:406.16,408.3 1 1
github.com/ingyamilmolinar/beatmo/internal/ui/uigrid.go:409.2,409.22 1 1
github.com/ingyamilmolinar/beatmo/internal/ui/uigrid.go:413.58,414.16 1 1
github.com/ingyamilmolinar/beatmo/internal/ui/uigrid.go:414.16,416.3 1 1
github.com/ingyamilmolinar/beatmo/internal/ui/uigrid.go:417.2,417.30 1 1
github.com/ingyamilmolinar/beatmo/internal/ui/uigrid.go:421.52,424.31 3 1
github.com/ingyamilmolinar/beatmo/internal/ui/uigrid.go:424.31,426.3 1 1
github.com/ingyamilmolinar/beatmo/internal/ui/uigrid.go:430.42,432.31 2 1
github.com/ingyamilmolinar/beatmo/internal/ui/uigrid.go:432.31,434.3 1 1
github.com/ingyamilmolinar/beatmo/internal/ui/uigrid.go:438.34,439.21 1 1
github.com/ingyamilmolinar/beatmo/internal/ui/uigrid.go:439.21,441.3 1 1
github.com/ingyamilmolinar/beatmo/internal/ui/uigrid.go:441.8,443.32 2 0
github.com/ingyamilmolinar/beatmo/internal/ui/uigrid.go:443.32,445.4 1 0
github.com/ingyamilmolinar/beatmo/internal/ui/uigrid.go:450.52,451.16 1 1
github.com/ingyamilmolinar/beatmo/internal/ui/uigrid.go:451.16,453.3 1 1
github.com/ingyamilmolinar/beatmo/internal/ui/uigrid.go:454.2,454.31 1 1
github.com/ingyamilmolinar/beatmo/internal/ui/uigrid.go:454.31,455.40 1 1
github.com/ingyamilmolinar/beatmo/internal/ui/uigrid.go:455.40,457.4 1 1
github.com/ingyamilmolinar/beatmo/internal/ui/uigrid.go:459.2,459.12 1 1
github.com/ingyamilmolinar/beatmo/internal/ui/wheel_nonjs.go:7.31,10.2 2 1
github.com/ingyamilmolinar/beatmo/internal/ui/wheel_nonjs.go:14.29,16.14 2 1
github.com/ingyamilmolinar/beatmo/internal/ui/wheel_nonjs.go:16.14,18.3 1 1
github.com/ingyamilmolinar/beatmo/internal/ui/wheel_nonjs.go:19.2,19.15 1 1
github.com/ingyamilmolinar/beatmo/internal/ui/wheel_nonjs.go:19.15,21.3 1 1
github.com/ingyamilmolinar/beatmo/internal/ui/wheel_nonjs.go:22.2,22.10 1 1
github.com/ingyamilmolinar/beatmo/internal/ui/widget_board.go:59.75,60.20 1 1
github.com/ingyamilmolinar/beatmo/internal/ui/widget_board.go:60.20,62.3 1 0
github.com/ingyamilmolinar/beatmo/internal/ui/widget_board.go:63.2,63.20 1 1
github.com/ingyamilmolinar/beatmo/internal/ui/widget_board.go:63.20,65.3 1 0
github.com/ingyamilmolinar/beatmo/internal/ui/widget_board.go:66.2,77.11 3 1
github.com/ingyamilmolinar/beatmo/internal/ui/widget_board.go:81.53,82.80 1 1
github.com/ingyamilmolinar/beatmo/internal/ui/widget_board.go:82.80,84.3 1 1
github.com/ingyamilmolinar/beatmo/internal/ui/widget_board.go:85.2,89.13 4 1
github.com/ingyamilmolinar/beatmo/internal/ui/widget_board.go:93.57,94.19 1 1
github.com/ingyamilmolinar/beatmo/internal/ui/widget_board.go:94.19,96.3 1 1
github.com/ingyamilmolinar/beatmo/internal/ui/widget_board.go:97.2,97.19 1 1
github.com/ingyamilmolinar/beatmo/internal/ui/widget_board.go:97.19,99.3 1 1
github.com/ingyamilmolinar/beatmo/internal/ui/widget_board.go:100.2,101.13 2 1
github.com/ingyamilmolinar/beatmo/internal/ui/widget_board.go:105.33,108.60 2 1
github.com/ingyamilmolinar/beatmo/internal/ui/widget_board.go:108.60,110.29 2 1
github.com/ingyamilmolinar/beatmo/internal/ui/widget_board.go:110.29,112.4 1 1
github.com/ingyamilmolinar/beatmo/internal/ui/widget_board.go:115.2,115.18 1 1
github.com/ingyamilmolinar/beatmo/internal/ui/widget_board.go:115.18,118.29 2 1
github.com/ingyamilmolinar/beatmo/internal/ui/widget_board.go:118.29,120.4 1 1
github.com/ingyamilmolinar/beatmo/internal/ui/widget_board.go:121.3,121.19 1 1
github.com/ingyamilmolinar/beatmo/internal/ui/widget_board.go:121.19,123.4 1 0
github.com/ingyamilmolinar/beatmo/internal/ui/widget_board.go:124.3,128.29 5 1
github.com/ingyamilmolinar/beatmo/internal/ui/widget_board.go:128.29,133.29 5 1
github.com/ingyamilmolinar/beatmo/internal/ui/widget_board.go:133.29,136.5 2 0
github.com/ingyamilmolinar/beatmo/internal/ui/widget_board.go:137.4,137.31 1 1
github.com/ingyamilmolinar/beatmo/internal/ui/widget_board.go:137.31,139.5 1 0
github.com/ingyamilmolinar/beatmo/internal/ui/widget_board.go:140.4,140.13 1 1
github.com/ingyamilmolinar/beatmo/internal/ui/widget_board.go:142.3,146.29 4 1
github.com/ingyamilmolinar/beatmo/internal/ui/widget_board.go:146.29,148.23 2 1
github.com/ingyamilmolinar/beatmo/internal/ui/widget_board.go:148.23,150.5 1 1
github.com/ingyamilmolinar/beatmo/internal/ui/widget_board.go:151.4,151.30 1 1
github.com/ingyamilmolinar/beatmo/internal/ui/widget_board.go:151.30,153.5 1 0
github.com/ingyamilmolinar/beatmo/internal/ui/widget_board.go:154.4,155.11 2 1
github.com/ingyamilmolinar/beatmo/internal/ui/widget_board.go:157.3,158.9 2 1
github.com/ingyamilmolinar/beatmo/internal/ui/widget_board.go:161.2,162.28 2 1
github.com/ingyamilmolinar/beatmo/internal/ui/widget_board.go:162.28,164.3 1 1
github.com/ingyamilmolinar/beatmo/internal/ui/widget_board.go:165.2,166.28 2 1
github.com/ingyamilmolinar/beatmo/internal/ui/widget_board.go:166.28,168.3 1 1
github.com/ingyamilmolinar/beatmo/internal/ui/widget_board.go:169.2,169.18 1 1
github.com/ingyamilmolinar/beatmo/internal/ui/widget_board.go:169.18,171.3 1 0
github.com/ingyamilmolinar/beatmo/internal/ui/widget_board.go:172.2,172.18 1 1
github.com/ingyamilmolinar/beatmo/internal/ui/widget_board.go:172.18,174.3 1 0
github.com/ingyamilmolinar/beatmo/internal/ui/widget_board.go:177.2,181.28 5 1
github.com/ingyamilmolinar/beatmo/internal/ui/widget_board.go:181.28,186.28 5 1
github.com/ingyamilmolinar/beatmo/internal/ui/widget_board.go:186.28,189.4 2 1
github.com/ingyamilmolinar/beatmo/internal/ui/widget_board.go:190.3,190.30 1 1
github.com/ingyamilmolinar/beatmo/internal/ui/widget_board.go:190.30,192.4 1 1
github.com/ingyamilmolinar/beatmo/internal/ui/widget_board.go:193.3,193.12 1 1
github.com/ingyamilmolinar/beatmo/internal/ui/widget_board.go:195.2,201.28 6 1
github.com/ingyamilmolinar/beatmo/internal/ui/widget_board.go:201.28,206.22 5 1
github.com/ingyamilmolinar/beatmo/internal/ui/widget_board.go:206.22,209.4 2 1
github.com/ingyamilmolinar/beatmo/internal/ui/widget_board.go:210.3,210.30 1 1
github.com/ingyamilmolinar/beatmo/internal/ui/widget_board.go:210.30,212.4 1 1
github.com/ingyamilmolinar/beatmo/internal/ui/widget_board.go:213.3,213.12 1 1
github.com/ingyamilmolinar/beatmo/internal/ui/widget_board.go:215.2,215.43 1 1
github.com/ingyamilmolinar/beatmo/internal/ui/widget_board.go:219.50,221.34 2 1
github.com/ingyamilmolinar/beatmo/internal/ui/widget_board.go:221.34,223.3 1 1
github.com/ingyamilmolinar/beatmo/internal/ui/widget_board.go:224.2,231.3 3 1
github.com/ingyamilmolinar/beatmo/internal/ui/widget_board.go:235.50,236.21 1 0
github.com/ingyamilmolinar/beatmo/internal/ui/widget_board.go:236.21,238.3 1 0
github.com/ingyamilmolinar/beatmo/internal/ui/widget_board.go:239.2,239.21 1 0
github.com/ingyamilmolinar/beatmo/internal/ui/widget_board.go:239.21,241.3 1 0
github.com/ingyamilmolinar/beatmo/internal/ui/widget_board.go:242.2,243.30 2 0
github.com/ingyamilmolinar/beatmo/internal/ui/widget_board.go:243.30,245.3 1 0
github.com/ingyamilmolinar/beatmo/internal/ui/widget_board.go:246.2,248.13 3 0
github.com/ingyamilmolinar/beatmo/internal/ui/widget_board.go:252.60,254.23 2 1
github.com/ingyamilmolinar/beatmo/internal/ui/widget_board.go:254.23,256.3 1 1
github.com/ingyamilmolinar/beatmo/internal/ui/widget_board.go:257.2,257.78 1 1
github.com/ingyamilmolinar/beatmo/internal/ui/widget_board.go:257.78,259.3 1 0
github.com/ingyamilmolinar/beatmo/internal/ui/widget_board.go:260.2,265.32 6 1
github.com/ingyamilmolinar/beatmo/internal/ui/widget_board.go:269.46,270.36 1 1
github.com/ingyamilmolinar/beatmo/internal/ui/widget_board.go:270.36,272.3 1 0
github.com/ingyamilmolinar/beatmo/internal/ui/widget_board.go:273.2,273.42 1 1
github.com/ingyamilmolinar/beatmo/internal/ui/widget_board.go:277.47,278.36 1 1
github.com/ingyamilmolinar/beatmo/internal/ui/widget_board.go:278.36,280.3 1 0
github.com/ingyamilmolinar/beatmo/internal/ui/widget_board.go:281.2,281.42 1 1
github.com/ingyamilmolinar/beatmo/internal/ui/widget_board.go:287.70,288.14 1 1
github.com/ingyamilmolinar/beatmo/internal/ui/widget_board.go:289.13,290.39 1 1
github.com/ingyamilmolinar/beatmo/internal/ui/widget_board.go:290.39,292.4 1 0
github.com/ingyamilmolinar/beatmo/internal/ui/widget_board.go:293.3,299.61 7 1
github.com/ingyamilmolinar/beatmo/internal/ui/widget_board.go:299.61,301.4 1 0
github.com/ingyamilmolinar/beatmo/internal/ui/widget_board.go:302.3,303.23 2 1
github.com/ingyamilmolinar/beatmo/internal/ui/widget_board.go:304.13,305.39 1 1
github.com/ingyamilmolinar/beatmo/internal/ui/widget_board.go:305.39,307.4 1 0
github.com/ingyamilmolinar/beatmo/internal/ui/widget_board.go:310.3,310.20 1 1
github.com/ingyamilmolinar/beatmo/internal/ui/widget_board.go:310.20,312.30 2 1
github.com/ingyamilmolinar/beatmo/internal/ui/widget_board.go:312.30,314.5 1 1
github.com/ingyamilmolinar/beatmo/internal/ui/widget_board.go:315.4,315.20 1 1
github.com/ingyamilmolinar/beatmo/internal/ui/widget_board.go:315.20,317.5 1 0
github.com/ingyamilmolinar/beatmo/internal/ui/widget_board.go:318.4,318.30 1 1
github.com/ingyamilmolinar/beatmo/internal/ui/widget_board.go:318.30,320.32 2 1
github.com/ingyamilmolinar/beatmo/internal/ui/widget_board.go:320.32,322.6 1 0
github.com/ingyamilmolinar/beatmo/internal/ui/widget_board.go:323.5,323.19 1 1
github.com/ingyamilmolinar/beatmo/internal/ui/widget_board.go:325.4,325.23 1 1
github.com/ingyamilmolinar/beatmo/internal/ui/widget_board.go:327.3,333.61 7 1
github.com/ingyamilmolinar/beatmo/internal/ui/widget_board.go:333.61,335.4 1 1
github.com/ingyamilmolinar/beatmo/internal/ui/widget_board.go:336.3,338.22 3 1
github.com/ingyamilmolinar/beatmo/internal/ui/widget_board.go:340.2,340.13 1 1
github.com/ingyamilmolinar/beatmo/internal/ui/widget_board.go:344.53,345.19 1 1
github.com/ingyamilmolinar/beatmo/internal/ui/widget_board.go:345.19,347.3 1 0
github.com/ingyamilmolinar/beatmo/internal/ui/widget_board.go:348.2,348.19 1 1
github.com/ingyamilmolinar/beatmo/internal/ui/widget_board.go:348.19,350.3 1 0
github.com/ingyamilmolinar/beatmo/internal/ui/widget_board.go:351.2,352.19 2 1
github.com/ingyamilmolinar/beatmo/internal/ui/widget_board.go:352.19,354.3 1 0
github.com/ingyamilmolinar/beatmo/internal/ui/widget_board.go:355.2,355.25 1 1
github.com/ingyamilmolinar/beatmo/internal/ui/widget_board.go:359.52,361.2 1 0
github.com/ingyamilmolinar/beatmo/internal/ui/widget_board.go:364.64,366.9 2 0
github.com/ingyamilmolinar/beatmo/internal/ui/widget_board.go:366.9,368.3 1 0
github.com/ingyamilmolinar/beatmo/internal/ui/widget_board.go:369.2,369.14 1 0
github.com/ingyamilmolinar/beatmo/internal/ui/widget_board.go:369.14,371.3 1 0
github.com/ingyamilmolinar/beatmo/internal/ui/widget_board.go:372.2,372.14 1 0
github.com/ingyamilmolinar/beatmo/internal/ui/widget_board.go:372.14,374.3 1 0
github.com/ingyamilmolinar/beatmo/internal/ui/widget_board.go:375.2,375.23 1 0
github.com/ingyamilmolinar/beatmo/internal/ui/widget_board.go:379.54,380.36 1 1
github.com/ingyamilmolinar/beatmo/internal/ui/widget_board.go:380.36,382.3 1 0
github.com/ingyamilmolinar/beatmo/internal/ui/widget_board.go:383.2,383.21 1 1
github.com/ingyamilmolinar/beatmo/internal/ui/widget_board.go:383.21,385.3 1 0
github.com/ingyamilmolinar/beatmo/internal/ui/widget_board.go:386.2,388.13 3 1
github.com/ingyamilmolinar/beatmo/internal/ui/widget_board.go:392.66,394.9 2 1
github.com/ingyamilmolinar/beatmo/internal/ui/widget_board.go:394.9,396.3 1 0
github.com/ingyamilmolinar/beatmo/internal/ui/widget_board.go:397.2,398.23 2 1
github.com/ingyamilmolinar/beatmo/internal/ui/widget_board.go:403.86,405.2 1 0
github.com/ingyamilmolinar/beatmo/internal/ui/widget_board.go:407.32,408.11 1 1
github.com/ingyamilmolinar/beatmo/internal/ui/widget_board.go:408.11,410.3 1 1
github.com/ingyamilmolinar/beatmo/internal/ui/widget_board.go:411.2,411.10 1 1
github.com/ingyamilmolinar/beatmo/internal/ui/widgets.go:20.37,23.2 2 1
github.com/ingyamilmolinar/beatmo/internal/ui/widgets.go:25.41,27.34 2 1
github.com/ingyamilmolinar/beatmo/internal/ui/widgets.go:27.34,29.3 1 1
github.com/ingyamilmolinar/beatmo/internal/ui/widgets.go:30.2,33.12 4 1
github.com/ingyamilmolinar/beatmo/internal/ui/widgets.go:48.34,50.16 1 1
github.com/ingyamilmolinar/beatmo/internal/ui/widgets.go:50.16,52.3 1 0
github.com/ingyamilmolinar/beatmo/internal/ui/widgets.go:53.2,70.15 11 1
github.com/ingyamilmolinar/beatmo/internal/ui/widgets.go:70.15,75.3 1 0
